This is pdfTeX, Version 3.141592653-2.6-1.40.24 (TeX Live 2022) (preloaded format=pdflatex 2022.11.28)  2 DEC 2022 19:32
entering extended mode
 restricted \write18 enabled.
 %&-line parsing enabled.
**main.tex
(./main.tex
LaTeX2e <2022-11-01>
L3 programming layer <2022-11-02>
(c:/texlive/2022/texmf-dist/tex/latex/base/article.cls
Document Class: article 2022/07/02 v1.4n Standard LaTeX document class
(c:/texlive/2022/texmf-dist/tex/latex/base/size10.clo
File: size10.clo 2022/07/02 v1.4n Standard LaTeX file (size option)
)
\c@part=\count185
\c@section=\count186
\c@subsection=\count187
\c@subsubsection=\count188
\c@paragraph=\count189
\c@subparagraph=\count190
\c@figure=\count191
\c@table=\count192
\abovecaptionskip=\skip47
\belowcaptionskip=\skip48
\bibindent=\dimen140
)
(c:/texlive/2022/texmf-dist/tex/latex/base/inputenc.sty
Package: inputenc 2021/02/14 v1.3d Input encoding file
\inpenc@prehook=\toks16
\inpenc@posthook=\toks17
)
(c:/texlive/2022/texmf-dist/tex/latex/amsmath/amsmath.sty
Package: amsmath 2022/04/08 v2.17n AMS math features
\@mathmargin=\skip49

For additional information on amsmath, use the `?' option.
(c:/texlive/2022/texmf-dist/tex/latex/amsmath/amstext.sty
Package: amstext 2021/08/26 v2.01 AMS text

(c:/texlive/2022/texmf-dist/tex/latex/amsmath/amsgen.sty
File: amsgen.sty 1999/11/30 v2.0 generic functions
\@emptytoks=\toks18
\ex@=\dimen141
))
(c:/texlive/2022/texmf-dist/tex/latex/amsmath/amsbsy.sty
Package: amsbsy 1999/11/29 v1.2d Bold Symbols
\pmbraise@=\dimen142
)
(c:/texlive/2022/texmf-dist/tex/latex/amsmath/amsopn.sty
Package: amsopn 2022/04/08 v2.04 operator names
)
\inf@bad=\count193
LaTeX Info: Redefining \frac on input line 234.
\uproot@=\count194
\leftroot@=\count195
LaTeX Info: Redefining \overline on input line 399.
LaTeX Info: Redefining \colon on input line 410.
\classnum@=\count196
\DOTSCASE@=\count197
LaTeX Info: Redefining \ldots on input line 496.
LaTeX Info: Redefining \dots on input line 499.
LaTeX Info: Redefining \cdots on input line 620.
\Mathstrutbox@=\box51
\strutbox@=\box52
LaTeX Info: Redefining \big on input line 722.
LaTeX Info: Redefining \Big on input line 723.
LaTeX Info: Redefining \bigg on input line 724.
LaTeX Info: Redefining \Bigg on input line 725.
\big@size=\dimen143
LaTeX Font Info:    Redeclaring font encoding OML on input line 743.
LaTeX Font Info:    Redeclaring font encoding OMS on input line 744.
\macc@depth=\count198
LaTeX Info: Redefining \bmod on input line 905.
LaTeX Info: Redefining \pmod on input line 910.
LaTeX Info: Redefining \smash on input line 940.
LaTeX Info: Redefining \relbar on input line 970.
LaTeX Info: Redefining \Relbar on input line 971.
\c@MaxMatrixCols=\count199
\dotsspace@=\muskip16
\c@parentequation=\count266
\dspbrk@lvl=\count267
\tag@help=\toks19
\row@=\count268
\column@=\count269
\maxfields@=\count270
\andhelp@=\toks20
\eqnshift@=\dimen144
\alignsep@=\dimen145
\tagshift@=\dimen146
\tagwidth@=\dimen147
\totwidth@=\dimen148
\lineht@=\dimen149
\@envbody=\toks21
\multlinegap=\skip50
\multlinetaggap=\skip51
\mathdisplay@stack=\toks22
LaTeX Info: Redefining \[ on input line 2953.
LaTeX Info: Redefining \] on input line 2954.
)
(c:/texlive/2022/texmf-dist/tex/latex/amsfonts/amssymb.sty
Package: amssymb 2013/01/14 v3.01 AMS font symbols

(c:/texlive/2022/texmf-dist/tex/latex/amsfonts/amsfonts.sty
Package: amsfonts 2013/01/14 v3.01 Basic AMSFonts support
\symAMSa=\mathgroup4
\symAMSb=\mathgroup5
LaTeX Font Info:    Redeclaring math symbol \hbar on input line 98.
LaTeX Font Info:    Overwriting math alphabet `\mathfrak' in version `bold'
(Font)                  U/euf/m/n --> U/euf/b/n on input line 106.
))
(c:/texlive/2022/texmf-dist/tex/latex/graphics/graphicx.sty
Package: graphicx 2021/09/16 v1.2d Enhanced LaTeX Graphics (DPC,SPQR)

(c:/texlive/2022/texmf-dist/tex/latex/graphics/keyval.sty
Package: keyval 2022/05/29 v1.15 key=value parser (DPC)
\KV@toks@=\toks23
)
(c:/texlive/2022/texmf-dist/tex/latex/graphics/graphics.sty
Package: graphics 2022/03/10 v1.4e Standard LaTeX Graphics (DPC,SPQR)

(c:/texlive/2022/texmf-dist/tex/latex/graphics/trig.sty
Package: trig 2021/08/11 v1.11 sin cos tan (DPC)
)
(c:/texlive/2022/texmf-dist/tex/latex/graphics-cfg/graphics.cfg
File: graphics.cfg 2016/06/04 v1.11 sample graphics configuration
)
Package graphics Info: Driver file: pdftex.def on input line 107.

(c:/texlive/2022/texmf-dist/tex/latex/graphics-def/pdftex.def
File: pdftex.def 2022/09/22 v1.2b Graphics/color driver for pdftex
))
\Gin@req@height=\dimen150
\Gin@req@width=\dimen151
)
(c:/texlive/2022/texmf-dist/tex/latex/geometry/geometry.sty
Package: geometry 2020/01/02 v5.9 Page Geometry

(c:/texlive/2022/texmf-dist/tex/generic/iftex/ifvtex.sty
Package: ifvtex 2019/10/25 v1.7 ifvtex legacy package. Use iftex instead.

(c:/texlive/2022/texmf-dist/tex/generic/iftex/iftex.sty
Package: iftex 2022/02/03 v1.0f TeX engine tests
))
\Gm@cnth=\count271
\Gm@cntv=\count272
\c@Gm@tempcnt=\count273
\Gm@bindingoffset=\dimen152
\Gm@wd@mp=\dimen153
\Gm@odd@mp=\dimen154
\Gm@even@mp=\dimen155
\Gm@layoutwidth=\dimen156
\Gm@layoutheight=\dimen157
\Gm@layouthoffset=\dimen158
\Gm@layoutvoffset=\dimen159
\Gm@dimlist=\toks24
)
(c:/texlive/2022/texmf-dist/tex/latex/tools/multicol.sty
Package: multicol 2021/11/30 v1.9d multicolumn formatting (FMi)
\c@tracingmulticols=\count274
\mult@box=\box53
\multicol@leftmargin=\dimen160
\c@unbalance=\count275
\c@collectmore=\count276
\doublecol@number=\count277
\multicoltolerance=\count278
\multicolpretolerance=\count279
\full@width=\dimen161
\page@free=\dimen162
\premulticols=\dimen163
\postmulticols=\dimen164
\multicolsep=\skip52
\multicolbaselineskip=\skip53
\partial@page=\box54
\last@line=\box55
\maxbalancingoverflow=\dimen165
\mult@rightbox=\box56
\mult@grightbox=\box57
\mult@firstbox=\box58
\mult@gfirstbox=\box59
\@tempa=\box60
\@tempa=\box61
\@tempa=\box62
\@tempa=\box63
\@tempa=\box64
\@tempa=\box65
\@tempa=\box66
\@tempa=\box67
\@tempa=\box68
\@tempa=\box69
\@tempa=\box70
\@tempa=\box71
\@tempa=\box72
\@tempa=\box73
\@tempa=\box74
\@tempa=\box75
\@tempa=\box76
\@tempa=\box77
\@tempa=\box78
\@tempa=\box79
\@tempa=\box80
\@tempa=\box81
\@tempa=\box82
\@tempa=\box83
\@tempa=\box84
\@tempa=\box85
\@tempa=\box86
\@tempa=\box87
\@tempa=\box88
\@tempa=\box89
\@tempa=\box90
\@tempa=\box91
\@tempa=\box92
\@tempa=\box93
\@tempa=\box94
\@tempa=\box95
\c@minrows=\count280
\c@columnbadness=\count281
\c@finalcolumnbadness=\count282
\last@try=\dimen166
\multicolovershoot=\dimen167
\multicolundershoot=\dimen168
\mult@nat@firstbox=\box96
\colbreak@box=\box97
\mc@col@check@num=\count283
)
(c:/texlive/2022/texmf-dist/tex/latex/l3backend/l3backend-pdftex.def
File: l3backend-pdftex.def 2022-10-26 L3 backend support: PDF output (pdfTeX)
\l__color_backend_stack_int=\count284
\l__pdf_internal_box=\box98
)
(./main.aux)
\openout1 = `main.aux'.

LaTeX Font Info:    Checking defaults for OML/cmm/m/it on input line 12.
LaTeX Font Info:    ... okay on input line 12.
LaTeX Font Info:    Checking defaults for OMS/cmsy/m/n on input line 12.
LaTeX Font Info:    ... okay on input line 12.
LaTeX Font Info:    Checking defaults for OT1/cmr/m/n on input line 12.
LaTeX Font Info:    ... okay on input line 12.
LaTeX Font Info:    Checking defaults for T1/cmr/m/n on input line 12.
LaTeX Font Info:    ... okay on input line 12.
LaTeX Font Info:    Checking defaults for TS1/cmr/m/n on input line 12.
LaTeX Font Info:    ... okay on input line 12.
LaTeX Font Info:    Checking defaults for OMX/cmex/m/n on input line 12.
LaTeX Font Info:    ... okay on input line 12.
LaTeX Font Info:    Checking defaults for U/cmr/m/n on input line 12.
LaTeX Font Info:    ... okay on input line 12.
 (c:/texlive/2022/texmf-dist/tex/context/base/mkii/supp-pdf.mkii
[Loading MPS to PDF converter (version 2006.09.02).]
\scratchcounter=\count285
\scratchdimen=\dimen169
\scratchbox=\box99
\nofMPsegments=\count286
\nofMParguments=\count287
\everyMPshowfont=\toks25
\MPscratchCnt=\count288
\MPscratchDim=\dimen170
\MPnumerator=\count289
\makeMPintoPDFobject=\count290
\everyMPtoPDFconversion=\toks26
) (c:/texlive/2022/texmf-dist/tex/latex/epstopdf-pkg/epstopdf-base.sty
Package: epstopdf-base 2020-01-24 v2.11 Base part for package epstopdf
Package epstopdf-base Info: Redefining graphics rule for `.eps' on input line 4
85.

(c:/texlive/2022/texmf-dist/tex/latex/latexconfig/epstopdf-sys.cfg
File: epstopdf-sys.cfg 2010/07/13 v1.3 Configuration of (r)epstopdf for TeX Liv
e
))
*geometry* driver: auto-detecting
*geometry* detected driver: pdftex
*geometry* verbose mode - [ preamble ] result:
* driver: pdftex
* paper: a4paper
* layout: <same size as paper>
* layoutoffset:(h,v)=(0.0pt,0.0pt)
* modes: 
* h-part:(L,W,R)=(34.14322pt, 529.22144pt, 34.14322pt)
* v-part:(T,H,B)=(34.14322pt, 776.7604pt, 34.14322pt)
* \paperwidth=597.50787pt
* \paperheight=845.04684pt
* \textwidth=529.22144pt
* \textheight=776.7604pt
* \oddsidemargin=-38.12677pt
* \evensidemargin=-38.12677pt
* \topmargin=-75.12677pt
* \headheight=12.0pt
* \headsep=25.0pt
* \topskip=10.0pt
* \footskip=30.0pt
* \marginparwidth=65.0pt
* \marginparsep=11.0pt
* \columnsep=10.0pt
* \skip\footins=9.0pt plus 4.0pt minus 2.0pt
* \hoffset=0.0pt
* \voffset=0.0pt
* \mag=1000
* \@twocolumnfalse
* \@twosidefalse
* \@mparswitchfalse
* \@reversemarginfalse
* (1in=72.27pt=25.4mm, 1cm=28.453pt)

LaTeX Font Info:    Trying to load font information for U+msa on input line 17.

(c:/texlive/2022/texmf-dist/tex/latex/amsfonts/umsa.fd
File: umsa.fd 2013/01/14 v3.01 AMS symbols A
)
LaTeX Font Info:    Trying to load font information for U+msb on input line 17.


(c:/texlive/2022/texmf-dist/tex/latex/amsfonts/umsb.fd
File: umsb.fd 2013/01/14 v3.01 AMS symbols B
)
Underfull \hbox (badness 10000) in paragraph at lines 29--34

 []


Underfull \hbox (badness 10000) in paragraph at lines 29--34

 []


Underfull \hbox (badness 10000) in paragraph at lines 29--34

 []


Underfull \hbox (badness 10000) in paragraph at lines 38--39

 []


Underfull \hbox (badness 10000) in paragraph at lines 42--43

 []

<./img//prort.png, id=1, 285.31593pt x 168.63pt>
File: ./img//prort.png Graphic file (type png)
<use ./img//prort.png>
Package pdftex.def Info: ./img//prort.png  used on input line 77.
(pdftex.def)             Requested size: 142.65761pt x 84.31479pt.

Underfull \hbox (badness 10000) in paragraph at lines 65--79

 []


Underfull \hbox (badness 10000) in paragraph at lines 65--79

 []


Underfull \hbox (badness 10000) in paragraph at lines 65--79

 []


Underfull \hbox (badness 10000) in paragraph at lines 65--79

 []


Underfull \hbox (badness 10000) in paragraph at lines 65--79

 []


Underfull \hbox (badness 10000) in paragraph at lines 65--79

 []


Underfull \hbox (badness 10000) in paragraph at lines 65--79

 []


Underfull \hbox (badness 10000) in paragraph at lines 65--79

 []


Underfull \hbox (badness 10000) in paragraph at lines 65--79

 []


Underfull \hbox (badness 10000) in paragraph at lines 65--79

 []


Underfull \hbox (badness 10000) in paragraph at lines 65--79

 []


Underfull \hbox (badness 10000) in paragraph at lines 65--79

 []

[1

{c:/texlive/2022/texmf-var/fonts/map/pdftex/updmap/pdftex.map}]
Underfull \hbox (badness 10000) in paragraph at lines 86--87

 []

LaTeX Font Info:    Trying to load font information for OMS+cmr on input line 9
0.
(c:/texlive/2022/texmf-dist/tex/latex/base/omscmr.fd
File: omscmr.fd 2022/07/10 v2.5l Standard LaTeX font definitions
)
LaTeX Font Info:    Font shape `OMS/cmr/m/n' in size <10> not available
(Font)              Font shape `OMS/cmsy/m/n' tried instead on input line 90.

Underfull \hbox (badness 10000) in paragraph at lines 89--91

 []


Underfull \hbox (badness 10000) in paragraph at lines 100--103

 []


Underfull \hbox (badness 10000) in paragraph at lines 113--114

 []


Underfull \hbox (badness 10000) in paragraph at lines 115--119

 []


Underfull \hbox (badness 10000) in paragraph at lines 115--119

 []


Underfull \hbox (badness 10000) in paragraph at lines 115--119

 []

[2 <./img//prort.png>]
Underfull \hbox (badness 10000) in paragraph at lines 120--148

 []


Underfull \hbox (badness 10000) in paragraph at lines 120--148

 []


Underfull \hbox (badness 10000) in paragraph at lines 120--148

 []


Underfull \hbox (badness 10000) in paragraph at lines 120--148

 []


Underfull \hbox (badness 10000) in paragraph at lines 120--148

 []


Underfull \hbox (badness 10000) in paragraph at lines 120--148

 []


Underfull \hbox (badness 10000) in paragraph at lines 120--148

 []


Underfull \hbox (badness 10000) in paragraph at lines 120--148

 []


Underfull \hbox (badness 10000) in paragraph at lines 120--148

 []


Underfull \hbox (badness 10000) in paragraph at lines 120--148

 []


Underfull \hbox (badness 10000) in paragraph at lines 120--148

 []


Underfull \hbox (badness 10000) in paragraph at lines 120--148

 []


Underfull \hbox (badness 10000) in paragraph at lines 120--148

 []


Underfull \hbox (badness 10000) in paragraph at lines 120--148

 []


Underfull \hbox (badness 10000) in paragraph at lines 120--148

 []


Underfull \hbox (badness 10000) in paragraph at lines 120--148

 []


Underfull \hbox (badness 10000) in paragraph at lines 120--148

 []


Underfull \hbox (badness 10000) in paragraph at lines 120--148

 []


Underfull \hbox (badness 10000) in paragraph at lines 120--148

 []


Underfull \hbox (badness 10000) in paragraph at lines 120--148

 []


Underfull \hbox (badness 10000) in paragraph at lines 149--150

 []


Underfull \hbox (badness 10000) in paragraph at lines 149--150

 []


Underfull \hbox (badness 10000) in paragraph at lines 151--152

 []


Underfull \hbox (badness 10000) in paragraph at lines 154--155

 []

[3]
Underfull \hbox (badness 10000) in paragraph at lines 159--186

 []


Underfull \hbox (badness 10000) in paragraph at lines 159--186

 []


Underfull \hbox (badness 10000) in paragraph at lines 159--186

 []


Underfull \hbox (badness 10000) in paragraph at lines 159--186

 []


Underfull \hbox (badness 10000) in paragraph at lines 159--186

 []


Underfull \hbox (badness 10000) in paragraph at lines 159--186

 []


Underfull \hbox (badness 10000) in paragraph at lines 159--186

 []


Underfull \hbox (badness 10000) in paragraph at lines 159--186

 []


Underfull \hbox (badness 10000) in paragraph at lines 159--186

 []


Underfull \hbox (badness 10000) in paragraph at lines 193--203

 []


Underfull \hbox (badness 10000) in paragraph at lines 193--203

 []


Underfull \hbox (badness 10000) in paragraph at lines 193--203

 []


Underfull \hbox (badness 10000) in paragraph at lines 193--203

 []


Underfull \hbox (badness 10000) in paragraph at lines 193--203

 []


Underfull \hbox (badness 10000) in paragraph at lines 193--203

 []


Underfull \hbox (badness 10000) in paragraph at lines 204--206

 []


Underfull \hbox (badness 10000) in paragraph at lines 204--206

 []


Underfull \hbox (badness 10000) in paragraph at lines 211--213

 []


Underfull \hbox (badness 10000) in paragraph at lines 211--213

 []

[4]
Underfull \hbox (badness 10000) in paragraph at lines 218--246

 []


Underfull \hbox (badness 10000) in paragraph at lines 218--246

 []


Underfull \hbox (badness 10000) in paragraph at lines 218--246

 []


Underfull \hbox (badness 10000) in paragraph at lines 218--246

 []


Underfull \hbox (badness 10000) in paragraph at lines 218--246

 []


Underfull \hbox (badness 10000) in paragraph at lines 218--246

 []


Underfull \hbox (badness 10000) in paragraph at lines 218--246

 []


Underfull \hbox (badness 10000) in paragraph at lines 218--246

 []


Underfull \hbox (badness 10000) in paragraph at lines 218--246

 []


Underfull \hbox (badness 10000) in paragraph at lines 218--246

 []


Underfull \hbox (badness 10000) in paragraph at lines 218--246

 []


Underfull \hbox (badness 10000) in paragraph at lines 218--246

 []


Underfull \hbox (badness 10000) in paragraph at lines 218--246

 []


Underfull \hbox (badness 10000) in paragraph at lines 249--326

 []


Underfull \hbox (badness 10000) in paragraph at lines 249--326

 []


Underfull \hbox (badness 10000) in paragraph at lines 249--326

 []


Underfull \hbox (badness 10000) in paragraph at lines 249--326

 []


Underfull \hbox (badness 10000) in paragraph at lines 249--326

 []


Underfull \hbox (badness 10000) in paragraph at lines 249--326

 []


Underfull \hbox (badness 10000) in paragraph at lines 249--326

 []


Underfull \hbox (badness 10000) in paragraph at lines 249--326

 []


Underfull \hbox (badness 10000) in paragraph at lines 249--326

 []


Underfull \hbox (badness 10000) in paragraph at lines 249--326

 []


Underfull \hbox (badness 10000) in paragraph at lines 249--326

 []


Underfull \hbox (badness 10000) in paragraph at lines 249--326

 []


Underfull \hbox (badness 10000) in paragraph at lines 249--326

 []


Underfull \hbox (badness 10000) in paragraph at lines 249--326

 []


Underfull \hbox (badness 10000) in paragraph at lines 249--326

 []


Underfull \hbox (badness 10000) in paragraph at lines 249--326

 []


Underfull \hbox (badness 10000) in paragraph at lines 249--326

 []


Underfull \hbox (badness 10000) in paragraph at lines 249--326

 []


Underfull \hbox (badness 10000) in paragraph at lines 249--326

 []


Underfull \hbox (badness 10000) in paragraph at lines 249--326

 []


Underfull \hbox (badness 10000) in paragraph at lines 249--326

 []


Underfull \hbox (badness 10000) in paragraph at lines 249--326

 []


Underfull \hbox (badness 10000) in paragraph at lines 249--326

 []


Underfull \hbox (badness 10000) in paragraph at lines 249--326

 []


Underfull \hbox (badness 10000) in paragraph at lines 249--326

 []


Underfull \hbox (badness 10000) in paragraph at lines 249--326

 []


Underfull \hbox (badness 10000) in paragraph at lines 249--326

 []


Underfull \hbox (badness 10000) in paragraph at lines 249--326

 []


Underfull \hbox (badness 10000) in paragraph at lines 249--326

 []


Underfull \hbox (badness 10000) in paragraph at lines 249--326

 []


Underfull \hbox (badness 10000) in paragraph at lines 249--326

 []


Underfull \hbox (badness 10000) in paragraph at lines 249--326

 []


Underfull \hbox (badness 10000) in paragraph at lines 249--326

 []


Underfull \hbox (badness 10000) in paragraph at lines 249--326

 []


Underfull \hbox (badness 10000) in paragraph at lines 249--326

 []


Underfull \hbox (badness 10000) in paragraph at lines 249--326

 []


Underfull \hbox (badness 10000) in paragraph at lines 249--326

 []


Underfull \hbox (badness 10000) in paragraph at lines 249--326

 []


Underfull \hbox (badness 10000) in paragraph at lines 249--326

 []


Underfull \hbox (badness 10000) in paragraph at lines 249--326

 []


Underfull \hbox (badness 10000) in paragraph at lines 249--326

 []


Underfull \hbox (badness 10000) in paragraph at lines 249--326

 []


Underfull \hbox (badness 10000) in paragraph at lines 249--326

 []


Underfull \hbox (badness 10000) in paragraph at lines 249--326

 []


Underfull \hbox (badness 10000) in paragraph at lines 249--326

 []


Underfull \hbox (badness 10000) in paragraph at lines 249--326

 []


Underfull \hbox (badness 10000) in paragraph at lines 249--326

 []


Underfull \hbox (badness 10000) in paragraph at lines 249--326

 []


Underfull \hbox (badness 10000) in paragraph at lines 249--326

 []


Underfull \hbox (badness 10000) in paragraph at lines 249--326

 []


Underfull \hbox (badness 10000) in paragraph at lines 249--326

 []


Underfull \hbox (badness 10000) in paragraph at lines 249--326

 []


Underfull \hbox (badness 10000) in paragraph at lines 249--326

 []


Underfull \hbox (badness 10000) in paragraph at lines 249--326

 []


Underfull \hbox (badness 10000) in paragraph at lines 249--326

 []

[5] [6]
Underfull \hbox (badness 10000) in paragraph at lines 328--347

 []


Underfull \hbox (badness 10000) in paragraph at lines 328--347

 []


Underfull \hbox (badness 10000) in paragraph at lines 328--347

 []


Underfull \hbox (badness 10000) in paragraph at lines 328--347

 []


Underfull \hbox (badness 10000) in paragraph at lines 328--347

 []


Underfull \hbox (badness 10000) in paragraph at lines 328--347

 []


Underfull \hbox (badness 10000) in paragraph at lines 328--347

 []


Underfull \hbox (badness 10000) in paragraph at lines 328--347

 []


Underfull \hbox (badness 10000) in paragraph at lines 328--347

 []


Underfull \hbox (badness 10000) in paragraph at lines 351--386

 []


Underfull \hbox (badness 10000) in paragraph at lines 351--386

 []


Underfull \hbox (badness 10000) in paragraph at lines 351--386

 []


Underfull \hbox (badness 10000) in paragraph at lines 351--386

 []


Underfull \hbox (badness 10000) in paragraph at lines 351--386

 []


Underfull \hbox (badness 10000) in paragraph at lines 351--386

 []


Underfull \hbox (badness 10000) in paragraph at lines 351--386

 []


Underfull \hbox (badness 10000) in paragraph at lines 351--386

 []


Underfull \hbox (badness 10000) in paragraph at lines 351--386

 []


Underfull \hbox (badness 10000) in paragraph at lines 351--386

 []


Underfull \hbox (badness 10000) in paragraph at lines 351--386

 []


Underfull \hbox (badness 10000) in paragraph at lines 351--386

 []


Underfull \hbox (badness 10000) in paragraph at lines 351--386

 []


Underfull \hbox (badness 10000) in paragraph at lines 351--386

 []


Underfull \hbox (badness 10000) in paragraph at lines 351--386

 []


Underfull \hbox (badness 10000) in paragraph at lines 351--386

 []


Underfull \hbox (badness 10000) in paragraph at lines 351--386

 []


Underfull \hbox (badness 10000) in paragraph at lines 351--386

 []


Underfull \hbox (badness 10000) in paragraph at lines 351--386

 []


Underfull \hbox (badness 10000) in paragraph at lines 351--386

 []


Underfull \hbox (badness 10000) in paragraph at lines 351--386

 []


Underfull \hbox (badness 10000) in paragraph at lines 351--386

 []


Underfull \hbox (badness 10000) in paragraph at lines 351--386

 []


Underfull \hbox (badness 10000) in paragraph at lines 351--386

 []


Underfull \hbox (badness 10000) in paragraph at lines 351--386

 []


Underfull \hbox (badness 10000) in paragraph at lines 351--386

 []


Underfull \hbox (badness 10000) in paragraph at lines 351--386

 []

[7]
Underfull \hbox (badness 10000) in paragraph at lines 388--399

 []


Underfull \hbox (badness 10000) in paragraph at lines 388--399

 []


Underfull \hbox (badness 10000) in paragraph at lines 388--399

 []


Underfull \hbox (badness 10000) in paragraph at lines 388--399

 []


Underfull \hbox (badness 10000) in paragraph at lines 403--421

 []


Underfull \hbox (badness 10000) in paragraph at lines 403--421

 []


Underfull \hbox (badness 10000) in paragraph at lines 403--421

 []


Underfull \hbox (badness 10000) in paragraph at lines 403--421

 []


Underfull \hbox (badness 10000) in paragraph at lines 403--421

 []


Underfull \hbox (badness 10000) in paragraph at lines 403--421

 []


Underfull \hbox (badness 10000) in paragraph at lines 403--421

 []


Underfull \hbox (badness 10000) in paragraph at lines 403--421

 []


Underfull \hbox (badness 10000) in paragraph at lines 403--421

 []


Underfull \hbox (badness 10000) in paragraph at lines 403--421

 []


Underfull \hbox (badness 10000) in paragraph at lines 403--421

 []


Underfull \hbox (badness 10000) in paragraph at lines 403--421

 []


Underfull \hbox (badness 10000) in paragraph at lines 403--421

 []


Underfull \hbox (badness 10000) in paragraph at lines 403--421

 []


Underfull \hbox (badness 10000) in paragraph at lines 403--421

 []


Underfull \hbox (badness 10000) in paragraph at lines 403--421

 []


Underfull \hbox (badness 10000) in paragraph at lines 403--421

 []


Underfull \hbox (badness 10000) in paragraph at lines 403--421

 []


Underfull \hbox (badness 10000) in paragraph at lines 403--421

 []


Underfull \hbox (badness 10000) in paragraph at lines 403--421

 []


Underfull \hbox (badness 10000) in paragraph at lines 403--421

 []


Underfull \hbox (badness 10000) in paragraph at lines 403--421

 []


Underfull \hbox (badness 10000) in paragraph at lines 403--421

 []


Underfull \hbox (badness 10000) in paragraph at lines 403--421

 []


Underfull \hbox (badness 10000) in paragraph at lines 403--421

 []


Underfull \hbox (badness 10000) in paragraph at lines 403--421

 []

[8] [9] (./main.aux) ) 
Here is how much of TeX's memory you used:
 3334 strings out of 474971
 49735 string characters out of 5780120
 419650 words of memory out of 5000000
 24813 multiletter control sequences out of 15000+600000
 477191 words of font info for 59 fonts, out of 8000000 for 9000
 1141 hyphenation exceptions out of 8191
 55i,9n,62p,225b,175s stack positions out of 10000i,1000n,20000p,200000b,200000s
{c:/texlive/2022/texmf-dist/fonts/enc/dvips/cm-super/cm-s
uper-ts1.enc}<c:/texlive/2022/texmf-dist/fonts/type1/public/amsfonts/cm/cmbx12.
pfb><c:/texlive/2022/texmf-dist/fonts/type1/public/amsfonts/cm/cmex10.pfb><c:/t
exlive/2022/texmf-dist/fonts/type1/public/amsfonts/cm/cmmi10.pfb><c:/texlive/20
22/texmf-dist/fonts/type1/public/amsfonts/cm/cmmi12.pfb><c:/texlive/2022/texmf-
dist/fonts/type1/public/amsfonts/cm/cmmi5.pfb><c:/texlive/2022/texmf-dist/fonts
/type1/public/amsfonts/cm/cmmi7.pfb><c:/texlive/2022/texmf-dist/fonts/type1/pub
lic/amsfonts/cm/cmmi8.pfb><c:/texlive/2022/texmf-dist/fonts/type1/public/amsfon
ts/cm/cmr10.pfb><c:/texlive/2022/texmf-dist/fonts/type1/public/amsfonts/cm/cmr1
2.pfb><c:/texlive/2022/texmf-dist/fonts/type1/public/amsfonts/cm/cmr5.pfb><c:/t
exlive/2022/texmf-dist/fonts/type1/public/amsfonts/cm/cmr7.pfb><c:/texlive/2022
/texmf-dist/fonts/type1/public/amsfonts/cm/cmr8.pfb><c:/texlive/2022/texmf-dist
/fonts/type1/public/amsfonts/cm/cmsy10.pfb><c:/texlive/2022/texmf-dist/fonts/ty
pe1/public/amsfonts/cm/cmsy5.pfb><c:/texlive/2022/texmf-dist/fonts/type1/public
/amsfonts/cm/cmsy6.pfb><c:/texlive/2022/texmf-dist/fonts/type1/public/amsfonts/
cm/cmsy7.pfb><c:/texlive/2022/texmf-dist/fonts/type1/public/amsfonts/cm/cmsy8.p
fb><c:/texlive/2022/texmf-dist/fonts/type1/public/amsfonts/symbols/msbm10.pfb><
c:/texlive/2022/texmf-dist/fonts/type1/public/cm-super/sfbx1440.pfb><c:/texlive
/2022/texmf-dist/fonts/type1/public/cm-super/sfrm1000.pfb>
Output written on main.pdf (9 pages, 230149 bytes).
PDF statistics:
 138 PDF objects out of 1000 (max. 8388607)
 84 compressed objects within 1 object stream
 0 named destinations out of 1000 (max. 500000)
 6 words of extra memory for PDF output out of 10000 (max. 10000000)

