This is pdfTeX, Version 3.141592653-2.6-1.40.24 (TeX Live 2022) (preloaded format=pdflatex 2022.11.28)  29 NOV 2024 16:55
entering extended mode
 restricted \write18 enabled.
 %&-line parsing enabled.
**"lab report.tex"
(./lab report.tex
LaTeX2e <2022-11-01>
L3 programming layer <2022-11-02>
(c:/texlive/2022/texmf-dist/tex/latex/base/article.cls
Document Class: article 2022/07/02 v1.4n Standard LaTeX document class
(c:/texlive/2022/texmf-dist/tex/latex/base/size10.clo
File: size10.clo 2022/07/02 v1.4n Standard LaTeX file (size option)
)
\c@part=\count185
\c@section=\count186
\c@subsection=\count187
\c@subsubsection=\count188
\c@paragraph=\count189
\c@subparagraph=\count190
\c@figure=\count191
\c@table=\count192
\abovecaptionskip=\skip47
\belowcaptionskip=\skip48
\bibindent=\dimen140
)
(c:/texlive/2022/texmf-dist/tex/latex/base/inputenc.sty
Package: inputenc 2021/02/14 v1.3d Input encoding file
\inpenc@prehook=\toks16
\inpenc@posthook=\toks17
)
(c:/texlive/2022/texmf-dist/tex/latex/amsmath/amsmath.sty
Package: amsmath 2022/04/08 v2.17n AMS math features
\@mathmargin=\skip49

For additional information on amsmath, use the `?' option.
(c:/texlive/2022/texmf-dist/tex/latex/amsmath/amstext.sty
Package: amstext 2021/08/26 v2.01 AMS text

(c:/texlive/2022/texmf-dist/tex/latex/amsmath/amsgen.sty
File: amsgen.sty 1999/11/30 v2.0 generic functions
\@emptytoks=\toks18
\ex@=\dimen141
))
(c:/texlive/2022/texmf-dist/tex/latex/amsmath/amsbsy.sty
Package: amsbsy 1999/11/29 v1.2d Bold Symbols
\pmbraise@=\dimen142
)
(c:/texlive/2022/texmf-dist/tex/latex/amsmath/amsopn.sty
Package: amsopn 2022/04/08 v2.04 operator names
)
\inf@bad=\count193
LaTeX Info: Redefining \frac on input line 234.
\uproot@=\count194
\leftroot@=\count195
LaTeX Info: Redefining \overline on input line 399.
LaTeX Info: Redefining \colon on input line 410.
\classnum@=\count196
\DOTSCASE@=\count197
LaTeX Info: Redefining \ldots on input line 496.
LaTeX Info: Redefining \dots on input line 499.
LaTeX Info: Redefining \cdots on input line 620.
\Mathstrutbox@=\box51
\strutbox@=\box52
LaTeX Info: Redefining \big on input line 722.
LaTeX Info: Redefining \Big on input line 723.
LaTeX Info: Redefining \bigg on input line 724.
LaTeX Info: Redefining \Bigg on input line 725.
\big@size=\dimen143
LaTeX Font Info:    Redeclaring font encoding OML on input line 743.
LaTeX Font Info:    Redeclaring font encoding OMS on input line 744.
\macc@depth=\count198
LaTeX Info: Redefining \bmod on input line 905.
LaTeX Info: Redefining \pmod on input line 910.
LaTeX Info: Redefining \smash on input line 940.
LaTeX Info: Redefining \relbar on input line 970.
LaTeX Info: Redefining \Relbar on input line 971.
\c@MaxMatrixCols=\count199
\dotsspace@=\muskip16
\c@parentequation=\count266
\dspbrk@lvl=\count267
\tag@help=\toks19
\row@=\count268
\column@=\count269
\maxfields@=\count270
\andhelp@=\toks20
\eqnshift@=\dimen144
\alignsep@=\dimen145
\tagshift@=\dimen146
\tagwidth@=\dimen147
\totwidth@=\dimen148
\lineht@=\dimen149
\@envbody=\toks21
\multlinegap=\skip50
\multlinetaggap=\skip51
\mathdisplay@stack=\toks22
LaTeX Info: Redefining \[ on input line 2953.
LaTeX Info: Redefining \] on input line 2954.
)
(c:/texlive/2022/texmf-dist/tex/latex/amsfonts/amssymb.sty
Package: amssymb 2013/01/14 v3.01 AMS font symbols

(c:/texlive/2022/texmf-dist/tex/latex/amsfonts/amsfonts.sty
Package: amsfonts 2013/01/14 v3.01 Basic AMSFonts support
\symAMSa=\mathgroup4
\symAMSb=\mathgroup5
LaTeX Font Info:    Redeclaring math symbol \hbar on input line 98.
LaTeX Font Info:    Overwriting math alphabet `\mathfrak' in version `bold'
(Font)                  U/euf/m/n --> U/euf/b/n on input line 106.
))
(c:/texlive/2022/texmf-dist/tex/latex/graphics/graphicx.sty
Package: graphicx 2021/09/16 v1.2d Enhanced LaTeX Graphics (DPC,SPQR)

(c:/texlive/2022/texmf-dist/tex/latex/graphics/keyval.sty
Package: keyval 2022/05/29 v1.15 key=value parser (DPC)
\KV@toks@=\toks23
)
(c:/texlive/2022/texmf-dist/tex/latex/graphics/graphics.sty
Package: graphics 2022/03/10 v1.4e Standard LaTeX Graphics (DPC,SPQR)

(c:/texlive/2022/texmf-dist/tex/latex/graphics/trig.sty
Package: trig 2021/08/11 v1.11 sin cos tan (DPC)
)
(c:/texlive/2022/texmf-dist/tex/latex/graphics-cfg/graphics.cfg
File: graphics.cfg 2016/06/04 v1.11 sample graphics configuration
)
Package graphics Info: Driver file: pdftex.def on input line 107.

(c:/texlive/2022/texmf-dist/tex/latex/graphics-def/pdftex.def
File: pdftex.def 2022/09/22 v1.2b Graphics/color driver for pdftex
))
\Gin@req@height=\dimen150
\Gin@req@width=\dimen151
)
(c:/texlive/2022/texmf-dist/tex/latex/geometry/geometry.sty
Package: geometry 2020/01/02 v5.9 Page Geometry

(c:/texlive/2022/texmf-dist/tex/generic/iftex/ifvtex.sty
Package: ifvtex 2019/10/25 v1.7 ifvtex legacy package. Use iftex instead.

(c:/texlive/2022/texmf-dist/tex/generic/iftex/iftex.sty
Package: iftex 2022/02/03 v1.0f TeX engine tests
))
\Gm@cnth=\count271
\Gm@cntv=\count272
\c@Gm@tempcnt=\count273
\Gm@bindingoffset=\dimen152
\Gm@wd@mp=\dimen153
\Gm@odd@mp=\dimen154
\Gm@even@mp=\dimen155
\Gm@layoutwidth=\dimen156
\Gm@layoutheight=\dimen157
\Gm@layouthoffset=\dimen158
\Gm@layoutvoffset=\dimen159
\Gm@dimlist=\toks24
)
(c:/texlive/2022/texmf-dist/tex/latex/tools/multicol.sty
Package: multicol 2021/11/30 v1.9d multicolumn formatting (FMi)
\c@tracingmulticols=\count274
\mult@box=\box53
\multicol@leftmargin=\dimen160
\c@unbalance=\count275
\c@collectmore=\count276
\doublecol@number=\count277
\multicoltolerance=\count278
\multicolpretolerance=\count279
\full@width=\dimen161
\page@free=\dimen162
\premulticols=\dimen163
\postmulticols=\dimen164
\multicolsep=\skip52
\multicolbaselineskip=\skip53
\partial@page=\box54
\last@line=\box55
\maxbalancingoverflow=\dimen165
\mult@rightbox=\box56
\mult@grightbox=\box57
\mult@firstbox=\box58
\mult@gfirstbox=\box59
\@tempa=\box60
\@tempa=\box61
\@tempa=\box62
\@tempa=\box63
\@tempa=\box64
\@tempa=\box65
\@tempa=\box66
\@tempa=\box67
\@tempa=\box68
\@tempa=\box69
\@tempa=\box70
\@tempa=\box71
\@tempa=\box72
\@tempa=\box73
\@tempa=\box74
\@tempa=\box75
\@tempa=\box76
\@tempa=\box77
\@tempa=\box78
\@tempa=\box79
\@tempa=\box80
\@tempa=\box81
\@tempa=\box82
\@tempa=\box83
\@tempa=\box84
\@tempa=\box85
\@tempa=\box86
\@tempa=\box87
\@tempa=\box88
\@tempa=\box89
\@tempa=\box90
\@tempa=\box91
\@tempa=\box92
\@tempa=\box93
\@tempa=\box94
\@tempa=\box95
\c@minrows=\count280
\c@columnbadness=\count281
\c@finalcolumnbadness=\count282
\last@try=\dimen166
\multicolovershoot=\dimen167
\multicolundershoot=\dimen168
\mult@nat@firstbox=\box96
\colbreak@box=\box97
\mc@col@check@num=\count283
)
(c:/texlive/2022/texmf-dist/tex/latex/sectsty/sectsty.sty
Package: sectsty 2002/02/25 v2.0.2 Commands to change all sectional heading sty
les


LaTeX Warning: Command \underbar  has changed.
               Check if current package is valid.


LaTeX Warning: Command \underline  has changed.
               Check if current package is valid.

) (c:/texlive/2022/texmf-dist/tex/latex/l3backend/l3backend-pdftex.def
File: l3backend-pdftex.def 2022-10-26 L3 backend support: PDF output (pdfTeX)
\l__color_backend_stack_int=\count284
\l__pdf_internal_box=\box98
)
(./lab report.aux)
\openout1 = `"lab report.aux"'.

LaTeX Font Info:    Checking defaults for OML/cmm/m/it on input line 14.
LaTeX Font Info:    ... okay on input line 14.
LaTeX Font Info:    Checking defaults for OMS/cmsy/m/n on input line 14.
LaTeX Font Info:    ... okay on input line 14.
LaTeX Font Info:    Checking defaults for OT1/cmr/m/n on input line 14.
LaTeX Font Info:    ... okay on input line 14.
LaTeX Font Info:    Checking defaults for T1/cmr/m/n on input line 14.
LaTeX Font Info:    ... okay on input line 14.
LaTeX Font Info:    Checking defaults for TS1/cmr/m/n on input line 14.
LaTeX Font Info:    ... okay on input line 14.
LaTeX Font Info:    Checking defaults for OMX/cmex/m/n on input line 14.
LaTeX Font Info:    ... okay on input line 14.
LaTeX Font Info:    Checking defaults for U/cmr/m/n on input line 14.
LaTeX Font Info:    ... okay on input line 14.

(c:/texlive/2022/texmf-dist/tex/context/base/mkii/supp-pdf.mkii
[Loading MPS to PDF converter (version 2006.09.02).]
\scratchcounter=\count285
\scratchdimen=\dimen169
\scratchbox=\box99
\nofMPsegments=\count286
\nofMParguments=\count287
\everyMPshowfont=\toks25
\MPscratchCnt=\count288
\MPscratchDim=\dimen170
\MPnumerator=\count289
\makeMPintoPDFobject=\count290
\everyMPtoPDFconversion=\toks26
) (c:/texlive/2022/texmf-dist/tex/latex/epstopdf-pkg/epstopdf-base.sty
Package: epstopdf-base 2020-01-24 v2.11 Base part for package epstopdf
Package epstopdf-base Info: Redefining graphics rule for `.eps' on input line 4
85.

(c:/texlive/2022/texmf-dist/tex/latex/latexconfig/epstopdf-sys.cfg
File: epstopdf-sys.cfg 2010/07/13 v1.3 Configuration of (r)epstopdf for TeX Liv
e
))
*geometry* driver: auto-detecting
*geometry* detected driver: pdftex
*geometry* verbose mode - [ preamble ] result:
* driver: pdftex
* paper: a4paper
* layout: <same size as paper>
* layoutoffset:(h,v)=(0.0pt,0.0pt)
* modes: 
* h-part:(L,W,R)=(25.6073pt, 546.29327pt, 25.6073pt)
* v-part:(T,H,B)=(25.6073pt, 793.83224pt, 25.6073pt)
* \paperwidth=597.50787pt
* \paperheight=845.04684pt
* \textwidth=546.29327pt
* \textheight=793.83224pt
* \oddsidemargin=-46.66269pt
* \evensidemargin=-46.66269pt
* \topmargin=-83.66269pt
* \headheight=12.0pt
* \headsep=25.0pt
* \topskip=10.0pt
* \footskip=30.0pt
* \marginparwidth=65.0pt
* \marginparsep=11.0pt
* \columnsep=10.0pt
* \skip\footins=9.0pt plus 4.0pt minus 2.0pt
* \hoffset=0.0pt
* \voffset=0.0pt
* \mag=1000
* \@twocolumnfalse
* \@twosidefalse
* \@mparswitchfalse
* \@reversemarginfalse
* (1in=72.27pt=25.4mm, 1cm=28.453pt)

[1

{c:/texlive/2022/texmf-var/fonts/map/pdftex/updmap/pdftex.map}]
<prelab 4/circuit 1 - no input.png, id=9, 825.68475pt x 422.7795pt>
File: prelab 4/circuit 1 - no input.png Graphic file (type png)
<use prelab 4/circuit 1 - no input.png>
Package pdftex.def Info: prelab 4/circuit 1 - no input.png  used on input line 
36.
(pdftex.def)             Requested size: 330.26805pt x 169.1088pt.
LaTeX Font Info:    Trying to load font information for U+msa on input line 38.


(c:/texlive/2022/texmf-dist/tex/latex/amsfonts/umsa.fd
File: umsa.fd 2013/01/14 v3.01 AMS symbols A
)
LaTeX Font Info:    Trying to load font information for U+msb on input line 38.


(c:/texlive/2022/texmf-dist/tex/latex/amsfonts/umsb.fd
File: umsb.fd 2013/01/14 v3.01 AMS symbols B
)
<prelab 4/circuit 1 - tr changed.png, id=11, 799.18575pt x 425.1885pt>
File: prelab 4/circuit 1 - tr changed.png Graphic file (type png)
<use prelab 4/circuit 1 - tr changed.png>
Package pdftex.def Info: prelab 4/circuit 1 - tr changed.png  used on input lin
e 39.
(pdftex.def)             Requested size: 319.66862pt x 170.07237pt.

Underfull \hbox (badness 10000) in paragraph at lines 36--41

 []


Underfull \hbox (badness 10000) in paragraph at lines 36--41

 []


Underfull \hbox (badness 10000) in paragraph at lines 36--41

 []

<prelab 4/circuit 2 - coll voltages.png, id=12, 1141.26375pt x 552.26324pt>
File: prelab 4/circuit 2 - coll voltages.png Graphic file (type png)
<use prelab 4/circuit 2 - coll voltages.png>
Package pdftex.def Info: prelab 4/circuit 2 - coll voltages.png  used on input 
line 42.
(pdftex.def)             Requested size: 456.49742pt x 220.90138pt.
<prelab 4/circuit 2 - adiff.png, id=13, 563.10374pt x 554.67226pt>
File: prelab 4/circuit 2 - adiff.png Graphic file (type png)
<use prelab 4/circuit 2 - adiff.png>
Package pdftex.def Info: prelab 4/circuit 2 - adiff.png  used on input line 45.

(pdftex.def)             Requested size: 337.86485pt x 332.80592pt.

Underfull \hbox (badness 10000) in paragraph at lines 41--51

 []


Underfull \hbox (badness 10000) in paragraph at lines 41--51

 []


Underfull \hbox (badness 10000) in paragraph at lines 41--51

 []


Underfull \hbox (badness 10000) in paragraph at lines 41--51

 []


Underfull \hbox (badness 10000) in paragraph at lines 41--51

 []


Underfull \hbox (badness 10000) in paragraph at lines 41--51

 []


Underfull \hbox (badness 10000) in paragraph at lines 41--51

 []


Underfull \hbox (badness 10000) in paragraph at lines 41--51

 []


Underfull \hbox (badness 10000) in paragraph at lines 41--51

 []

[2 <./prelab 4/circuit 1 - no input.png> <./prelab 4/circuit 1 - tr changed.png
> <./prelab 4/circuit 2 - coll voltages.png>] [3 <./prelab 4/circuit 2 - adiff.
png>]
<prelab 4/circuit 3 - coll voltages.png, id=30, 1140.05925pt x 552.26324pt>
File: prelab 4/circuit 3 - coll voltages.png Graphic file (type png)
<use prelab 4/circuit 3 - coll voltages.png>
Package pdftex.def Info: prelab 4/circuit 3 - coll voltages.png  used on input 
line 52.
(pdftex.def)             Requested size: 456.01563pt x 220.90138pt.
<prelab 4/circuit 2 - avcm.png, id=31, 561.89925pt x 554.07pt>
File: prelab 4/circuit 2 - avcm.png Graphic file (type png)
<use prelab 4/circuit 2 - avcm.png>
Package pdftex.def Info: prelab 4/circuit 2 - avcm.png  used on input line 55.
(pdftex.def)             Requested size: 337.14215pt x 332.44456pt.

Underfull \hbox (badness 10000) in paragraph at lines 51--60

 []


Underfull \hbox (badness 10000) in paragraph at lines 51--60

 []


Underfull \hbox (badness 10000) in paragraph at lines 51--60

 []


Underfull \hbox (badness 10000) in paragraph at lines 51--60

 []


Underfull \hbox (badness 10000) in paragraph at lines 51--60

 []


Underfull \hbox (badness 10000) in paragraph at lines 51--60

 []


Underfull \hbox (badness 10000) in paragraph at lines 51--60

 []


Underfull \hbox (badness 10000) in paragraph at lines 60--64

 []

[4 <./prelab 4/circuit 3 - coll voltages.png> <./prelab 4/circuit 2 - avcm.png>
]
<prelab 4/circuit 5.png, id=37, 996.72375pt x 467.346pt>
File: prelab 4/circuit 5.png Graphic file (type png)
<use prelab 4/circuit 5.png>
Package pdftex.def Info: prelab 4/circuit 5.png  used on input line 65.
(pdftex.def)             Requested size: 398.68243pt x 186.93507pt.

Underfull \hbox (badness 10000) in paragraph at lines 64--66

 []

<prelab 4/circuit 5 - tr changed.png, id=38, 939.51pt x 494.44725pt>
File: prelab 4/circuit 5 - tr changed.png Graphic file (type png)
<use prelab 4/circuit 5 - tr changed.png>
Package pdftex.def Info: prelab 4/circuit 5 - tr changed.png  used on input lin
e 70.
(pdftex.def)             Requested size: 375.79733pt x 197.77539pt.

Underfull \hbox (badness 10000) in paragraph at lines 68--73

 []


Underfull \hbox (badness 10000) in paragraph at lines 68--73

 []


Underfull \hbox (badness 10000) in paragraph at lines 68--73

 []


Underfull \hbox (badness 10000) in paragraph at lines 68--73

 []

[5 <./prelab 4/circuit 5.png> <./prelab 4/circuit 5 - tr changed.png>]
<prelab 4/circuit 6 - coll voltages.png, id=44, 1138.85475pt x 551.05875pt>
File: prelab 4/circuit 6 - coll voltages.png Graphic file (type png)
<use prelab 4/circuit 6 - coll voltages.png>
Package pdftex.def Info: prelab 4/circuit 6 - coll voltages.png  used on input 
line 74.
(pdftex.def)             Requested size: 455.53383pt x 220.41959pt.
<prelab 4/circuit 6 - avdiff.png, id=45, 564.9105pt x 552.26324pt>
File: prelab 4/circuit 6 - avdiff.png Graphic file (type png)
<use prelab 4/circuit 6 - avdiff.png>
Package pdftex.def Info: prelab 4/circuit 6 - avdiff.png  used on input line 77
.
(pdftex.def)             Requested size: 338.94891pt x 331.36049pt.

Underfull \hbox (badness 10000) in paragraph at lines 73--83

 []


Underfull \hbox (badness 10000) in paragraph at lines 73--83

 []


Underfull \hbox (badness 10000) in paragraph at lines 73--83

 []


Underfull \hbox (badness 10000) in paragraph at lines 73--83

 []


Underfull \hbox (badness 10000) in paragraph at lines 73--83

 []


Underfull \hbox (badness 10000) in paragraph at lines 73--83

 []

[6 <./prelab 4/circuit 6 - coll voltages.png> <./prelab 4/circuit 6 - avdiff.pn
g>]
<prelab 4/circuit 7 - coll voltages.png, id=51, 1138.85475pt x 551.05875pt>
File: prelab 4/circuit 7 - coll voltages.png Graphic file (type png)
<use prelab 4/circuit 7 - coll voltages.png>
Package pdftex.def Info: prelab 4/circuit 7 - coll voltages.png  used on input 
line 84.
(pdftex.def)             Requested size: 455.53383pt x 220.41959pt.
<prelab 4/circuit 7 - avcm.png, id=52, 563.10374pt x 551.661pt>
File: prelab 4/circuit 7 - avcm.png Graphic file (type png)
<use prelab 4/circuit 7 - avcm.png>
Package pdftex.def Info: prelab 4/circuit 7 - avcm.png  used on input line 87.
(pdftex.def)             Requested size: 337.86485pt x 330.99915pt.

Underfull \hbox (badness 10000) in paragraph at lines 83--92

 []


Underfull \hbox (badness 10000) in paragraph at lines 83--92

 []


Underfull \hbox (badness 10000) in paragraph at lines 83--92

 []


Underfull \hbox (badness 10000) in paragraph at lines 83--92

 []


Underfull \hbox (badness 10000) in paragraph at lines 83--92

 []


Underfull \hbox (badness 10000) in paragraph at lines 83--92

 []


Underfull \hbox (badness 10000) in paragraph at lines 83--92

 []


Underfull \hbox (badness 10000) in paragraph at lines 83--92

 []


Underfull \hbox (badness 10000) in paragraph at lines 92--94

 []


Underfull \hbox (badness 10000) in paragraph at lines 92--94

 []

[7 <./prelab 4/circuit 7 - coll voltages.png> <./prelab 4/circuit 7 - avcm.png>
] [8]
<7.3.1.2 Collector Vs single/F0022TEK.png, id=63, 803.0pt x 481.8pt>
File: 7.3.1.2 Collector Vs single/F0022TEK.png Graphic file (type png)
<use 7.3.1.2 Collector Vs single/F0022TEK.png>
Package pdftex.def Info: 7.3.1.2 Collector Vs single/F0022TEK.png  used on inpu
t line 110.
(pdftex.def)             Requested size: 401.49902pt x 240.8994pt.
<7.3.1.3 Collector Vs common/F0000TEK.png, id=64, 803.0pt x 481.8pt>
File: 7.3.1.3 Collector Vs common/F0000TEK.png Graphic file (type png)
<use 7.3.1.3 Collector Vs common/F0000TEK.png>
Package pdftex.def Info: 7.3.1.3 Collector Vs common/F0000TEK.png  used on inpu
t line 112.
(pdftex.def)             Requested size: 401.49902pt x 240.8994pt.

Underfull \hbox (badness 10000) in paragraph at lines 108--116

 []


Underfull \hbox (badness 10000) in paragraph at lines 108--116

 []


Underfull \hbox (badness 10000) in paragraph at lines 108--116

 []


Underfull \hbox (badness 10000) in paragraph at lines 108--116

 []


Underfull \hbox (badness 10000) in paragraph at lines 108--116

 []


Underfull \hbox (badness 10000) in paragraph at lines 108--116

 []


Underfull \hbox (badness 10000) in paragraph at lines 108--116

 []


Underfull \hbox (badness 10000) in paragraph at lines 108--116

 []


Underfull \hbox (badness 10000) in paragraph at lines 108--116

 []


Underfull \hbox (badness 10000) in paragraph at lines 108--116

 []

[9 <./7.3.1.2 Collector Vs single/F0022TEK.png (PNG copy)> <./7.3.1.3 Collector
 Vs common/F0000TEK.png (PNG copy)>] [10]
<7.3.3.2 Current source diff Collector Vs single/F0003TEK.png, id=72, 803.0pt x
 481.8pt>
File: 7.3.3.2 Current source diff Collector Vs single/F0003TEK.png Graphic file
 (type png)
<use 7.3.3.2 Current source diff Collector Vs single/F0003TEK.png>
Package pdftex.def Info: 7.3.3.2 Current source diff Collector Vs single/F0003T
EK.png  used on input line 132.
(pdftex.def)             Requested size: 401.49902pt x 240.8994pt.
<7.3.3.3 Current source diff Collector Vs common/F0002TEK.png, id=73, 803.0pt x
 481.8pt>
File: 7.3.3.3 Current source diff Collector Vs common/F0002TEK.png Graphic file
 (type png)
<use 7.3.3.3 Current source diff Collector Vs common/F0002TEK.png>
Package pdftex.def Info: 7.3.3.3 Current source diff Collector Vs common/F0002T
EK.png  used on input line 134.
(pdftex.def)             Requested size: 401.49902pt x 240.8994pt.

Underfull \hbox (badness 10000) in paragraph at lines 130--139

 []


Underfull \hbox (badness 10000) in paragraph at lines 130--139

 []


Underfull \hbox (badness 10000) in paragraph at lines 130--139

 []


Underfull \hbox (badness 10000) in paragraph at lines 130--139

 []


Underfull \hbox (badness 10000) in paragraph at lines 130--139

 []


Underfull \hbox (badness 10000) in paragraph at lines 130--139

 []


Underfull \hbox (badness 10000) in paragraph at lines 130--139

 []


Underfull \hbox (badness 10000) in paragraph at lines 130--139

 []


Underfull \hbox (badness 10000) in paragraph at lines 130--139

 []


Underfull \hbox (badness 10000) in paragraph at lines 130--139

 []


Underfull \hbox (badness 10000) in paragraph at lines 130--139

 []


Underfull \hbox (badness 10000) in paragraph at lines 139--141

 []

<prelab 3/prelab 3 ex 1 calc.jpg, id=74, 1164.60094pt x 483.30562pt>
File: prelab 3/prelab 3 ex 1 calc.jpg Graphic file (type jpg)
<use prelab 3/prelab 3 ex 1 calc.jpg>
Package pdftex.def Info: prelab 3/prelab 3 ex 1 calc.jpg  used on input line 14
8.
(pdftex.def)             Requested size: 524.06558pt x 217.48552pt.
<prelab 3/prelab 3 ex1 circuit.png, id=75, 793.46437pt x 562.35094pt>
File: prelab 3/prelab 3 ex1 circuit.png Graphic file (type png)
<use prelab 3/prelab 3 ex1 circuit.png>
Package pdftex.def Info: prelab 3/prelab 3 ex1 circuit.png  used on input line 
150.
(pdftex.def)             Requested size: 476.08229pt x 337.41316pt.

Underfull \hbox (badness 10000) in paragraph at lines 147--151

 []


Overfull \hbox (2.77234pt too wide) in paragraph at lines 147--151
[] 
 []


Underfull \hbox (badness 10000) in paragraph at lines 147--151

 []


Underfull \hbox (badness 10000) in paragraph at lines 147--151

 []

[11 <./7.3.3.2 Current source diff Collector Vs single/F0003TEK.png (PNG copy)>
 <./7.3.3.3 Current source diff Collector Vs common/F0002TEK.png (PNG copy)>]
[12 <./prelab 3/prelab 3 ex 1 calc.jpg> <./prelab 3/prelab 3 ex1 circuit.png>]
<prelab 3/prelab 3 ex2 calc.jpg, id=83, 696.35156pt x 371.13657pt>
File: prelab 3/prelab 3 ex2 calc.jpg Graphic file (type jpg)
<use prelab 3/prelab 3 ex2 calc.jpg>
Package pdftex.def Info: prelab 3/prelab 3 ex2 calc.jpg  used on input line 156
.
(pdftex.def)             Requested size: 382.99454pt x 204.12573pt.

Underfull \hbox (badness 10000) in paragraph at lines 155--157

 []


Underfull \hbox (badness 10000) in paragraph at lines 155--157

 []

File: prelab 3/prelab 3 ex1 circuit.png Graphic file (type png)
<use prelab 3/prelab 3 ex1 circuit.png>
Package pdftex.def Info: prelab 3/prelab 3 ex1 circuit.png  used on input line 
158.
(pdftex.def)             Requested size: 476.08229pt x 337.41316pt.

Underfull \hbox (badness 10000) in paragraph at lines 157--159

 []


Underfull \hbox (badness 10000) in paragraph at lines 157--159

 []


Underfull \hbox (badness 10000) in paragraph at lines 157--159

 []


Underfull \hbox (badness 10000) in paragraph at lines 157--159

 []


Underfull \hbox (badness 10000) in paragraph at lines 159--161

 []

[13 <./prelab 3/prelab 3 ex2 calc.jpg>]
<prelab 3/prelab 3 ex2 rl.png, id=88, 1315.16344pt x 641.39626pt>
File: prelab 3/prelab 3 ex2 rl.png Graphic file (type png)
<use prelab 3/prelab 3 ex2 rl.png>
Package pdftex.def Info: prelab 3/prelab 3 ex2 rl.png  used on input line 162.
(pdftex.def)             Requested size: 526.05606pt x 256.55396pt.

Underfull \hbox (badness 10000) in paragraph at lines 161--164

 []


Overfull \hbox (4.76282pt too wide) in paragraph at lines 161--164
[] 
 []


Underfull \hbox (badness 10000) in paragraph at lines 161--164

 []

<prelab 3/prelab 3 ex3 circuit.png, id=89, 972.63374pt x 571.38469pt>
File: prelab 3/prelab 3 ex3 circuit.png Graphic file (type png)
<use prelab 3/prelab 3 ex3 circuit.png>
Package pdftex.def Info: prelab 3/prelab 3 ex3 circuit.png  used on input line 
168.
(pdftex.def)             Requested size: 389.0466pt x 228.54982pt.

Underfull \hbox (badness 10000) in paragraph at lines 168--169

 []


Underfull \hbox (badness 10000) in paragraph at lines 168--169

 []


Underfull \hbox (badness 10000) in paragraph at lines 169--172

 []


Underfull \hbox (badness 10000) in paragraph at lines 169--172

 []

[14 <./prelab 3/prelab 3 ex2 rl.png> <./prelab 3/prelab 3 ex3 circuit.png>]
<prelab 3/prelab 3 ex3.3 1.png, id=95, 710.655pt x 663.98062pt>
File: prelab 3/prelab 3 ex3.3 1.png Graphic file (type png)
<use prelab 3/prelab 3 ex3.3 1.png>
Package pdftex.def Info: prelab 3/prelab 3 ex3.3 1.png  used on input line 173.

(pdftex.def)             Requested size: 355.32663pt x 331.98949pt.
<prelab 3/prelab 3 ex3.3 2.png, id=96, 706.89093pt x 642.90187pt>
File: prelab 3/prelab 3 ex3.3 2.png Graphic file (type png)
<use prelab 3/prelab 3 ex3.3 2.png>
Package pdftex.def Info: prelab 3/prelab 3 ex3.3 2.png  used on input line 175.

(pdftex.def)             Requested size: 353.4446pt x 321.45015pt.

Underfull \hbox (badness 10000) in paragraph at lines 172--177

 []


Underfull \hbox (badness 10000) in paragraph at lines 172--177

 []


Underfull \hbox (badness 10000) in paragraph at lines 172--177

 []


Underfull \hbox (badness 10000) in paragraph at lines 172--177

 []


Underfull \hbox (badness 10000) in paragraph at lines 172--177

 []

[15 <./prelab 3/prelab 3 ex3.3 1.png> <./prelab 3/prelab 3 ex3.3 2.png>]
<prelab 3/prelab 3 ex3.4 1.png, id=102, 1142.76938pt x 426.09187pt>
File: prelab 3/prelab 3 ex3.4 1.png Graphic file (type png)
<use prelab 3/prelab 3 ex3.4 1.png>
Package pdftex.def Info: prelab 3/prelab 3 ex3.4 1.png  used on input line 178.

(pdftex.def)             Requested size: 514.24147pt x 191.73956pt.

Underfull \hbox (badness 10000) in paragraph at lines 177--180

 []


Underfull \hbox (badness 10000) in paragraph at lines 177--180

 []

[16 <./prelab 3/prelab 3 ex3.4 1.png>]
<prelab 3/prelab 3 ex3.5 1.png, id=107, 707.64375pt x 638.385pt>
File: prelab 3/prelab 3 ex3.5 1.png Graphic file (type png)
<use prelab 3/prelab 3 ex3.5 1.png>
Package pdftex.def Info: prelab 3/prelab 3 ex3.5 1.png  used on input line 181.

(pdftex.def)             Requested size: 459.963pt x 414.94533pt.
<prelab 3/prelab 3 ex3.5 2.png, id=108, 1180.41pt x 423.08063pt>
File: prelab 3/prelab 3 ex3.5 2.png Graphic file (type png)
<use prelab 3/prelab 3 ex3.5 2.png>
Package pdftex.def Info: prelab 3/prelab 3 ex3.5 2.png  used on input line 182.

(pdftex.def)             Requested size: 531.1796pt x 190.38452pt.

Underfull \hbox (badness 10000) in paragraph at lines 180--183

 []


Underfull \hbox (badness 10000) in paragraph at lines 180--183

 []


Overfull \hbox (9.88635pt too wide) in paragraph at lines 180--183
[] 
 []


Underfull \hbox (badness 10000) in paragraph at lines 180--183

 []


Underfull \hbox (badness 10000) in paragraph at lines 180--183

 []


Underfull \hbox (badness 10000) in paragraph at lines 183--187

 []


Underfull \hbox (badness 10000) in paragraph at lines 183--187

 []

[17 <./prelab 3/prelab 3 ex3.5 1.png> <./prelab 3/prelab 3 ex3.5 2.png>]
(./lab report.aux) ) 
Here is how much of TeX's memory you used:
 3706 strings out of 474971
 62345 string characters out of 5780120
 403264 words of memory out of 5000000
 25149 multiletter control sequences out of 15000+600000
 473118 words of font info for 43 fonts, out of 8000000 for 9000
 1141 hyphenation exceptions out of 8191
 55i,5n,62p,395b,287s stack positions out of 10000i,1000n,20000p,200000b,200000s
{c:/texlive/2022/texmf-dist/fonts/enc/dvips/cm-super/cm-sup
er-ts1.enc}<c:/texlive/2022/texmf-dist/fonts/type1/public/amsfonts/cm/cmbx10.pf
b><c:/texlive/2022/texmf-dist/fonts/type1/public/amsfonts/cm/cmbx12.pfb><c:/tex
live/2022/texmf-dist/fonts/type1/public/amsfonts/cm/cmmi10.pfb><c:/texlive/2022
/texmf-dist/fonts/type1/public/amsfonts/cm/cmmi5.pfb><c:/texlive/2022/texmf-dis
t/fonts/type1/public/amsfonts/cm/cmmi7.pfb><c:/texlive/2022/texmf-dist/fonts/ty
pe1/public/amsfonts/cm/cmr10.pfb><c:/texlive/2022/texmf-dist/fonts/type1/public
/amsfonts/cm/cmr12.pfb><c:/texlive/2022/texmf-dist/fonts/type1/public/amsfonts/
cm/cmr5.pfb><c:/texlive/2022/texmf-dist/fonts/type1/public/amsfonts/cm/cmr7.pfb
><c:/texlive/2022/texmf-dist/fonts/type1/public/amsfonts/cm/cmsy10.pfb><c:/texl
ive/2022/texmf-dist/fonts/type1/public/cm-super/sfrm1000.pfb>
Output written on "lab report.pdf" (17 pages, 936337 bytes).
PDF statistics:
 162 PDF objects out of 1000 (max. 8388607)
 74 compressed objects within 1 object stream
 0 named destinations out of 1000 (max. 500000)
 131 words of extra memory for PDF output out of 10000 (max. 10000000)

