This is pdfTeX, Version 3.141592653-2.6-1.40.24 (TeX Live 2022) (preloaded format=pdflatex 2022.11.28)  27 NOV 2024 17:06
entering extended mode
 restricted \write18 enabled.
 %&-line parsing enabled.
**"lab report.tex"
(./lab report.tex
LaTeX2e <2022-11-01>
L3 programming layer <2022-11-02>
(c:/texlive/2022/texmf-dist/tex/latex/base/article.cls
Document Class: article 2022/07/02 v1.4n Standard LaTeX document class
(c:/texlive/2022/texmf-dist/tex/latex/base/size10.clo
File: size10.clo 2022/07/02 v1.4n Standard LaTeX file (size option)
)
\c@part=\count185
\c@section=\count186
\c@subsection=\count187
\c@subsubsection=\count188
\c@paragraph=\count189
\c@subparagraph=\count190
\c@figure=\count191
\c@table=\count192
\abovecaptionskip=\skip47
\belowcaptionskip=\skip48
\bibindent=\dimen140
)
(c:/texlive/2022/texmf-dist/tex/latex/base/inputenc.sty
Package: inputenc 2021/02/14 v1.3d Input encoding file
\inpenc@prehook=\toks16
\inpenc@posthook=\toks17
)
(c:/texlive/2022/texmf-dist/tex/latex/amsmath/amsmath.sty
Package: amsmath 2022/04/08 v2.17n AMS math features
\@mathmargin=\skip49

For additional information on amsmath, use the `?' option.
(c:/texlive/2022/texmf-dist/tex/latex/amsmath/amstext.sty
Package: amstext 2021/08/26 v2.01 AMS text

(c:/texlive/2022/texmf-dist/tex/latex/amsmath/amsgen.sty
File: amsgen.sty 1999/11/30 v2.0 generic functions
\@emptytoks=\toks18
\ex@=\dimen141
))
(c:/texlive/2022/texmf-dist/tex/latex/amsmath/amsbsy.sty
Package: amsbsy 1999/11/29 v1.2d Bold Symbols
\pmbraise@=\dimen142
)
(c:/texlive/2022/texmf-dist/tex/latex/amsmath/amsopn.sty
Package: amsopn 2022/04/08 v2.04 operator names
)
\inf@bad=\count193
LaTeX Info: Redefining \frac on input line 234.
\uproot@=\count194
\leftroot@=\count195
LaTeX Info: Redefining \overline on input line 399.
LaTeX Info: Redefining \colon on input line 410.
\classnum@=\count196
\DOTSCASE@=\count197
LaTeX Info: Redefining \ldots on input line 496.
LaTeX Info: Redefining \dots on input line 499.
LaTeX Info: Redefining \cdots on input line 620.
\Mathstrutbox@=\box51
\strutbox@=\box52
LaTeX Info: Redefining \big on input line 722.
LaTeX Info: Redefining \Big on input line 723.
LaTeX Info: Redefining \bigg on input line 724.
LaTeX Info: Redefining \Bigg on input line 725.
\big@size=\dimen143
LaTeX Font Info:    Redeclaring font encoding OML on input line 743.
LaTeX Font Info:    Redeclaring font encoding OMS on input line 744.
\macc@depth=\count198
LaTeX Info: Redefining \bmod on input line 905.
LaTeX Info: Redefining \pmod on input line 910.
LaTeX Info: Redefining \smash on input line 940.
LaTeX Info: Redefining \relbar on input line 970.
LaTeX Info: Redefining \Relbar on input line 971.
\c@MaxMatrixCols=\count199
\dotsspace@=\muskip16
\c@parentequation=\count266
\dspbrk@lvl=\count267
\tag@help=\toks19
\row@=\count268
\column@=\count269
\maxfields@=\count270
\andhelp@=\toks20
\eqnshift@=\dimen144
\alignsep@=\dimen145
\tagshift@=\dimen146
\tagwidth@=\dimen147
\totwidth@=\dimen148
\lineht@=\dimen149
\@envbody=\toks21
\multlinegap=\skip50
\multlinetaggap=\skip51
\mathdisplay@stack=\toks22
LaTeX Info: Redefining \[ on input line 2953.
LaTeX Info: Redefining \] on input line 2954.
)
(c:/texlive/2022/texmf-dist/tex/latex/amsfonts/amssymb.sty
Package: amssymb 2013/01/14 v3.01 AMS font symbols

(c:/texlive/2022/texmf-dist/tex/latex/amsfonts/amsfonts.sty
Package: amsfonts 2013/01/14 v3.01 Basic AMSFonts support
\symAMSa=\mathgroup4
\symAMSb=\mathgroup5
LaTeX Font Info:    Redeclaring math symbol \hbar on input line 98.
LaTeX Font Info:    Overwriting math alphabet `\mathfrak' in version `bold'
(Font)                  U/euf/m/n --> U/euf/b/n on input line 106.
))
(c:/texlive/2022/texmf-dist/tex/latex/graphics/graphicx.sty
Package: graphicx 2021/09/16 v1.2d Enhanced LaTeX Graphics (DPC,SPQR)

(c:/texlive/2022/texmf-dist/tex/latex/graphics/keyval.sty
Package: keyval 2022/05/29 v1.15 key=value parser (DPC)
\KV@toks@=\toks23
)
(c:/texlive/2022/texmf-dist/tex/latex/graphics/graphics.sty
Package: graphics 2022/03/10 v1.4e Standard LaTeX Graphics (DPC,SPQR)

(c:/texlive/2022/texmf-dist/tex/latex/graphics/trig.sty
Package: trig 2021/08/11 v1.11 sin cos tan (DPC)
)
(c:/texlive/2022/texmf-dist/tex/latex/graphics-cfg/graphics.cfg
File: graphics.cfg 2016/06/04 v1.11 sample graphics configuration
)
Package graphics Info: Driver file: pdftex.def on input line 107.

(c:/texlive/2022/texmf-dist/tex/latex/graphics-def/pdftex.def
File: pdftex.def 2022/09/22 v1.2b Graphics/color driver for pdftex
))
\Gin@req@height=\dimen150
\Gin@req@width=\dimen151
)
(c:/texlive/2022/texmf-dist/tex/latex/geometry/geometry.sty
Package: geometry 2020/01/02 v5.9 Page Geometry

(c:/texlive/2022/texmf-dist/tex/generic/iftex/ifvtex.sty
Package: ifvtex 2019/10/25 v1.7 ifvtex legacy package. Use iftex instead.

(c:/texlive/2022/texmf-dist/tex/generic/iftex/iftex.sty
Package: iftex 2022/02/03 v1.0f TeX engine tests
))
\Gm@cnth=\count271
\Gm@cntv=\count272
\c@Gm@tempcnt=\count273
\Gm@bindingoffset=\dimen152
\Gm@wd@mp=\dimen153
\Gm@odd@mp=\dimen154
\Gm@even@mp=\dimen155
\Gm@layoutwidth=\dimen156
\Gm@layoutheight=\dimen157
\Gm@layouthoffset=\dimen158
\Gm@layoutvoffset=\dimen159
\Gm@dimlist=\toks24
)
(c:/texlive/2022/texmf-dist/tex/latex/tools/multicol.sty
Package: multicol 2021/11/30 v1.9d multicolumn formatting (FMi)
\c@tracingmulticols=\count274
\mult@box=\box53
\multicol@leftmargin=\dimen160
\c@unbalance=\count275
\c@collectmore=\count276
\doublecol@number=\count277
\multicoltolerance=\count278
\multicolpretolerance=\count279
\full@width=\dimen161
\page@free=\dimen162
\premulticols=\dimen163
\postmulticols=\dimen164
\multicolsep=\skip52
\multicolbaselineskip=\skip53
\partial@page=\box54
\last@line=\box55
\maxbalancingoverflow=\dimen165
\mult@rightbox=\box56
\mult@grightbox=\box57
\mult@firstbox=\box58
\mult@gfirstbox=\box59
\@tempa=\box60
\@tempa=\box61
\@tempa=\box62
\@tempa=\box63
\@tempa=\box64
\@tempa=\box65
\@tempa=\box66
\@tempa=\box67
\@tempa=\box68
\@tempa=\box69
\@tempa=\box70
\@tempa=\box71
\@tempa=\box72
\@tempa=\box73
\@tempa=\box74
\@tempa=\box75
\@tempa=\box76
\@tempa=\box77
\@tempa=\box78
\@tempa=\box79
\@tempa=\box80
\@tempa=\box81
\@tempa=\box82
\@tempa=\box83
\@tempa=\box84
\@tempa=\box85
\@tempa=\box86
\@tempa=\box87
\@tempa=\box88
\@tempa=\box89
\@tempa=\box90
\@tempa=\box91
\@tempa=\box92
\@tempa=\box93
\@tempa=\box94
\@tempa=\box95
\c@minrows=\count280
\c@columnbadness=\count281
\c@finalcolumnbadness=\count282
\last@try=\dimen166
\multicolovershoot=\dimen167
\multicolundershoot=\dimen168
\mult@nat@firstbox=\box96
\colbreak@box=\box97
\mc@col@check@num=\count283
)
(c:/texlive/2022/texmf-dist/tex/latex/sectsty/sectsty.sty
Package: sectsty 2002/02/25 v2.0.2 Commands to change all sectional heading sty
les


LaTeX Warning: Command \underbar  has changed.
               Check if current package is valid.


LaTeX Warning: Command \underline  has changed.
               Check if current package is valid.

) (c:/texlive/2022/texmf-dist/tex/latex/l3backend/l3backend-pdftex.def
File: l3backend-pdftex.def 2022-10-26 L3 backend support: PDF output (pdfTeX)
\l__color_backend_stack_int=\count284
\l__pdf_internal_box=\box98
)
(./lab report.aux)
\openout1 = `"lab report.aux"'.

LaTeX Font Info:    Checking defaults for OML/cmm/m/it on input line 14.
LaTeX Font Info:    ... okay on input line 14.
LaTeX Font Info:    Checking defaults for OMS/cmsy/m/n on input line 14.
LaTeX Font Info:    ... okay on input line 14.
LaTeX Font Info:    Checking defaults for OT1/cmr/m/n on input line 14.
LaTeX Font Info:    ... okay on input line 14.
LaTeX Font Info:    Checking defaults for T1/cmr/m/n on input line 14.
LaTeX Font Info:    ... okay on input line 14.
LaTeX Font Info:    Checking defaults for TS1/cmr/m/n on input line 14.
LaTeX Font Info:    ... okay on input line 14.
LaTeX Font Info:    Checking defaults for OMX/cmex/m/n on input line 14.
LaTeX Font Info:    ... okay on input line 14.
LaTeX Font Info:    Checking defaults for U/cmr/m/n on input line 14.
LaTeX Font Info:    ... okay on input line 14.

(c:/texlive/2022/texmf-dist/tex/context/base/mkii/supp-pdf.mkii
[Loading MPS to PDF converter (version 2006.09.02).]
\scratchcounter=\count285
\scratchdimen=\dimen169
\scratchbox=\box99
\nofMPsegments=\count286
\nofMParguments=\count287
\everyMPshowfont=\toks25
\MPscratchCnt=\count288
\MPscratchDim=\dimen170
\MPnumerator=\count289
\makeMPintoPDFobject=\count290
\everyMPtoPDFconversion=\toks26
) (c:/texlive/2022/texmf-dist/tex/latex/epstopdf-pkg/epstopdf-base.sty
Package: epstopdf-base 2020-01-24 v2.11 Base part for package epstopdf
Package epstopdf-base Info: Redefining graphics rule for `.eps' on input line 4
85.

(c:/texlive/2022/texmf-dist/tex/latex/latexconfig/epstopdf-sys.cfg
File: epstopdf-sys.cfg 2010/07/13 v1.3 Configuration of (r)epstopdf for TeX Liv
e
))
*geometry* driver: auto-detecting
*geometry* detected driver: pdftex
*geometry* verbose mode - [ preamble ] result:
* driver: pdftex
* paper: a4paper
* layout: <same size as paper>
* layoutoffset:(h,v)=(0.0pt,0.0pt)
* modes: 
* h-part:(L,W,R)=(25.6073pt, 546.29327pt, 25.6073pt)
* v-part:(T,H,B)=(25.6073pt, 793.83224pt, 25.6073pt)
* \paperwidth=597.50787pt
* \paperheight=845.04684pt
* \textwidth=546.29327pt
* \textheight=793.83224pt
* \oddsidemargin=-46.66269pt
* \evensidemargin=-46.66269pt
* \topmargin=-83.66269pt
* \headheight=12.0pt
* \headsep=25.0pt
* \topskip=10.0pt
* \footskip=30.0pt
* \marginparwidth=65.0pt
* \marginparsep=11.0pt
* \columnsep=10.0pt
* \skip\footins=9.0pt plus 4.0pt minus 2.0pt
* \hoffset=0.0pt
* \voffset=0.0pt
* \mag=1000
* \@twocolumnfalse
* \@twosidefalse
* \@mparswitchfalse
* \@reversemarginfalse
* (1in=72.27pt=25.4mm, 1cm=28.453pt)

[1

{c:/texlive/2022/texmf-var/fonts/map/pdftex/updmap/pdftex.map}]
LaTeX Font Info:    Trying to load font information for U+msa on input line 37.


(c:/texlive/2022/texmf-dist/tex/latex/amsfonts/umsa.fd
File: umsa.fd 2013/01/14 v3.01 AMS symbols A
)
LaTeX Font Info:    Trying to load font information for U+msb on input line 37.


(c:/texlive/2022/texmf-dist/tex/latex/amsfonts/umsb.fd
File: umsb.fd 2013/01/14 v3.01 AMS symbols B
)
<prelab/problem 1 - 1.png, id=9, 1427.3325pt x 642.90187pt>
File: prelab/problem 1 - 1.png Graphic file (type png)
<use prelab/problem 1 - 1.png>
Package pdftex.def Info: prelab/problem 1 - 1.png  used on input line 38.
(pdftex.def)             Requested size: 499.57387pt x 225.01903pt.

Underfull \hbox (badness 10000) in paragraph at lines 37--40

 []


Underfull \hbox (badness 10000) in paragraph at lines 37--40

 []


Underfull \hbox (badness 10000) in paragraph at lines 37--40

 []

<prelab/problem 1 - 2.png, id=11, 706.13812pt x 640.64343pt>
File: prelab/problem 1 - 2.png Graphic file (type png)
<use prelab/problem 1 - 2.png>
Package pdftex.def Info: prelab/problem 1 - 2.png  used on input line 41.
(pdftex.def)             Requested size: 247.15204pt x 224.22856pt.

Underfull \hbox (badness 10000) in paragraph at lines 40--43

 []


Underfull \hbox (badness 10000) in paragraph at lines 40--43

 []

[2 <./prelab/problem 1 - 1.png> <./prelab/problem 1 - 2.png>]
<prelab/problem 1 - 3.png, id=19, 705.38531pt x 642.90187pt>
File: prelab/problem 1 - 3.png Graphic file (type png)
<use prelab/problem 1 - 3.png>
Package pdftex.def Info: prelab/problem 1 - 3.png  used on input line 44.
(pdftex.def)             Requested size: 246.88855pt x 225.01903pt.

Underfull \hbox (badness 10000) in paragraph at lines 43--48

 []


Underfull \hbox (badness 10000) in paragraph at lines 43--48

 []


Underfull \hbox (badness 10000) in paragraph at lines 43--48

 []


Underfull \hbox (badness 10000) in paragraph at lines 43--48

 []


Underfull \hbox (badness 10000) in paragraph at lines 43--48

 []

[3 <./prelab/problem 1 - 3.png>]
<prelab/problem 2 - 1.png, id=26, 1425.82687pt x 639.13782pt>
File: prelab/problem 2 - 1.png Graphic file (type png)
<use prelab/problem 2 - 1.png>
Package pdftex.def Info: prelab/problem 2 - 1.png  used on input line 53.
(pdftex.def)             Requested size: 499.04689pt x 223.70158pt.
<prelab/problem 2 - 2.png, id=27, 425.33907pt x 264.23718pt>
File: prelab/problem 2 - 2.png Graphic file (type png)
<use prelab/problem 2 - 2.png>
Package pdftex.def Info: prelab/problem 2 - 2.png  used on input line 55.
(pdftex.def)             Requested size: 212.669pt x 132.11826pt.
<prelab/problem 2 - 3.png, id=28, 400.49625pt x 296.60812pt>
File: prelab/problem 2 - 3.png Graphic file (type png)
<use prelab/problem 2 - 3.png>
Package pdftex.def Info: prelab/problem 2 - 3.png  used on input line 56.
(pdftex.def)             Requested size: 200.24763pt x 148.3037pt.

Underfull \hbox (badness 10000) in paragraph at lines 52--58

 []


Underfull \hbox (badness 10000) in paragraph at lines 52--58

 []


Underfull \hbox (badness 10000) in paragraph at lines 52--58

 []


Underfull \hbox (badness 10000) in paragraph at lines 52--58

 []


Underfull \hbox (badness 10000) in paragraph at lines 52--58

 []


Underfull \hbox (badness 10000) in paragraph at lines 52--58

 []

<prelab/problem 2 - 4.png, id=29, 1428.83812pt x 640.64343pt>
File: prelab/problem 2 - 4.png Graphic file (type png)
<use prelab/problem 2 - 4.png>
Package pdftex.def Info: prelab/problem 2 - 4.png  used on input line 59.
(pdftex.def)             Requested size: 428.65474pt x 192.1945pt.
<prelab/problem 2 - 5.png, id=30, 708.39656pt x 369.63094pt>
File: prelab/problem 2 - 5.png Graphic file (type png)
<use prelab/problem 2 - 5.png>
Package pdftex.def Info: prelab/problem 2 - 5.png  used on input line 61.
(pdftex.def)             Requested size: 247.9425pt x 129.37276pt.
<prelab/problem 2 - 6.png, id=31, 708.39656pt x 374.90062pt>
File: prelab/problem 2 - 6.png Graphic file (type png)
<use prelab/problem 2 - 6.png>
Package pdftex.def Info: prelab/problem 2 - 6.png  used on input line 62.
(pdftex.def)             Requested size: 247.9425pt x 131.21718pt.
<prelab/problem 2 - 7.png, id=32, 693.34032pt x 374.90062pt>
File: prelab/problem 2 - 7.png Graphic file (type png)
<use prelab/problem 2 - 7.png>
Package pdftex.def Info: prelab/problem 2 - 7.png  used on input line 63.
(pdftex.def)             Requested size: 242.67274pt x 131.21718pt.

Underfull \hbox (badness 10000) in paragraph at lines 58--67

 []


Underfull \hbox (badness 10000) in paragraph at lines 58--67

 []


Underfull \hbox (badness 10000) in paragraph at lines 58--67

 []


Underfull \hbox (badness 10000) in paragraph at lines 58--67

 []


Underfull \hbox (badness 10000) in paragraph at lines 58--67

 []

[4 <./prelab/problem 2 - 1.png> <./prelab/problem 2 - 2.png> <./prelab/problem 
2 - 3.png> <./prelab/problem 2 - 4.png>]
<prelab/problem 3 - 1.png, id=40, 1428.83812pt x 637.63219pt>
File: prelab/problem 3 - 1.png Graphic file (type png)
<use prelab/problem 3 - 1.png>
Package pdftex.def Info: prelab/problem 3 - 1.png  used on input line 71.
(pdftex.def)             Requested size: 500.10083pt x 223.1746pt.
<prelab/problem 3 - 2.png, id=41, 706.13812pt x 314.67563pt>
File: prelab/problem 3 - 2.png Graphic file (type png)
<use prelab/problem 3 - 2.png>
Package pdftex.def Info: prelab/problem 3 - 2.png  used on input line 73.
(pdftex.def)             Requested size: 247.15204pt x 110.1381pt.
<prelab/problem 3 - 3.png, id=42, 706.89093pt x 281.55188pt>
File: prelab/problem 3 - 3.png Graphic file (type png)
<use prelab/problem 3 - 3.png>
Package pdftex.def Info: prelab/problem 3 - 3.png  used on input line 74.
(pdftex.def)             Requested size: 247.41553pt x 98.54462pt.

Underfull \hbox (badness 10000) in paragraph at lines 70--76

 []


Underfull \hbox (badness 10000) in paragraph at lines 70--76

 []


Underfull \hbox (badness 10000) in paragraph at lines 70--76

 []


Underfull \hbox (badness 10000) in paragraph at lines 70--76

 []


Underfull \hbox (badness 10000) in paragraph at lines 70--76

 []

[5 <./prelab/problem 2 - 5.png> <./prelab/problem 2 - 6.png> <./prelab/problem 
2 - 7.png> <./prelab/problem 3 - 1.png> <./prelab/problem 3 - 2.png> <./prelab/
problem 3 - 3.png>]
<prelab/problem 3 - 4.png, id=55, 1408.51219pt x 641.39626pt>
File: prelab/problem 3 - 4.png Graphic file (type png)
<use prelab/problem 3 - 4.png>
Package pdftex.def Info: prelab/problem 3 - 4.png  used on input line 77.
(pdftex.def)             Requested size: 492.98665pt x 224.49205pt.
<prelab/problem 3 - 5.png, id=56, 666.99188pt x 318.43968pt>
File: prelab/problem 3 - 5.png Graphic file (type png)
<use prelab/problem 3 - 5.png>
Package pdftex.def Info: prelab/problem 3 - 5.png  used on input line 79.
(pdftex.def)             Requested size: 233.45065pt x 111.45555pt.
<prelab/problem 3 - 6.png, id=57, 706.13812pt x 319.94531pt>
File: prelab/problem 3 - 6.png Graphic file (type png)
<use prelab/problem 3 - 6.png>
Package pdftex.def Info: prelab/problem 3 - 6.png  used on input line 80.
(pdftex.def)             Requested size: 247.15204pt x 111.98253pt.
<prelab/problem 3 - 7.png, id=58, 682.80093pt x 333.49594pt>
File: prelab/problem 3 - 7.png Graphic file (type png)
<use prelab/problem 3 - 7.png>
Package pdftex.def Info: prelab/problem 3 - 7.png  used on input line 81.
(pdftex.def)             Requested size: 238.9839pt x 116.72531pt.

Underfull \hbox (badness 10000) in paragraph at lines 76--84

 []


Underfull \hbox (badness 10000) in paragraph at lines 76--84

 []


Underfull \hbox (badness 10000) in paragraph at lines 76--84

 []


Underfull \hbox (badness 10000) in paragraph at lines 76--84

 []


Underfull \hbox (badness 10000) in paragraph at lines 76--84

 []


Underfull \hbox (badness 10000) in paragraph at lines 76--84

 []


Underfull \hbox (badness 10000) in paragraph at lines 90--91

 []

<prelab/problem 5 - 1.png, id=59, 1428.08531pt x 636.12656pt>
File: prelab/problem 5 - 1.png Graphic file (type png)
<use prelab/problem 5 - 1.png>
Package pdftex.def Info: prelab/problem 5 - 1.png  used on input line 95.
(pdftex.def)             Requested size: 499.83736pt x 222.64763pt.

Underfull \hbox (badness 10000) in paragraph at lines 94--97

 []


Underfull \hbox (badness 10000) in paragraph at lines 94--97

 []


Underfull \hbox (badness 10000) in paragraph at lines 94--97

 []


Underfull \hbox (badness 10000) in paragraph at lines 94--97

 []

[6 <./prelab/problem 3 - 4.png> <./prelab/problem 3 - 5.png> <./prelab/problem 
3 - 6.png> <./prelab/problem 3 - 7.png>]
<prelab/problem 5 - 2.png, id=67, 706.89093pt x 639.89063pt>
File: prelab/problem 5 - 2.png Graphic file (type png)
<use prelab/problem 5 - 2.png>
Package pdftex.def Info: prelab/problem 5 - 2.png  used on input line 98.
(pdftex.def)             Requested size: 318.09798pt x 287.94812pt.

Underfull \hbox (badness 10000) in paragraph at lines 97--99

 []


Underfull \hbox (badness 10000) in paragraph at lines 97--99

 []


Underfull \hbox (badness 10000) in paragraph at lines 97--99

 []

[7 <./prelab/problem 5 - 1.png> <./prelab/problem 5 - 2.png>]

! LaTeX Error: File `Oscilloscope data/5.3.1.1 td/F0000TEK' not found.

See the LaTeX manual or LaTeX Companion for explanation.
Type  H <return>  for immediate help.
 ...                                              
                                                  
l.106 ...0]{Oscilloscope data/5.3.1.1 td/F0000TEK}
                                                  \\\\
I could not locate the file with any of these extensions:
.pdf,.png,.jpg,.mps,.jpeg,.jbig2,.jb2,.PDF,.PNG,.JPG,.JPEG,.JBIG2,.JB2,.eps
Try typing  <return>  to proceed.
If that doesn't work, type  X <return>  to quit.


! LaTeX Error: File `Oscilloscope data/5.3.1.1 ts/F0001TEK' not found.

See the LaTeX manual or LaTeX Companion for explanation.
Type  H <return>  for immediate help.
 ...                                              
                                                  
l.108 ...0]{Oscilloscope data/5.3.1.1 ts/F0001TEK}
                                                  \\\\
I could not locate the file with any of these extensions:
.pdf,.png,.jpg,.mps,.jpeg,.jbig2,.jb2,.PDF,.PNG,.JPG,.JPEG,.JBIG2,.JB2,.eps
Try typing  <return>  to proceed.
If that doesn't work, type  X <return>  to quit.


Underfull \hbox (badness 10000) in paragraph at lines 105--110

 []


Underfull \hbox (badness 10000) in paragraph at lines 105--110

 []


Underfull \hbox (badness 10000) in paragraph at lines 105--110

 []


Underfull \hbox (badness 10000) in paragraph at lines 105--110

 []


Underfull \hbox (badness 10000) in paragraph at lines 105--110

 []


Underfull \hbox (badness 10000) in paragraph at lines 105--110

 []


! LaTeX Error: File `Oscilloscope data/5.3.1.2 td/F0003TEK' not found.

See the LaTeX manual or LaTeX Companion for explanation.
Type  H <return>  for immediate help.
 ...                                              
                                                  
l.111 ...0]{Oscilloscope data/5.3.1.2 td/F0003TEK}
                                                  \\\\
I could not locate the file with any of these extensions:
.pdf,.png,.jpg,.mps,.jpeg,.jbig2,.jb2,.PDF,.PNG,.JPG,.JPEG,.JBIG2,.JB2,.eps
Try typing  <return>  to proceed.
If that doesn't work, type  X <return>  to quit.


! LaTeX Error: File `Oscilloscope data/5.3.1.2 ts/F0002TEK' not found.

See the LaTeX manual or LaTeX Companion for explanation.
Type  H <return>  for immediate help.
 ...                                              
                                                  
l.113 ...0]{Oscilloscope data/5.3.1.2 ts/F0002TEK}
                                                  \\\\
I could not locate the file with any of these extensions:
.pdf,.png,.jpg,.mps,.jpeg,.jbig2,.jb2,.PDF,.PNG,.JPG,.JPEG,.JBIG2,.JB2,.eps
Try typing  <return>  to proceed.
If that doesn't work, type  X <return>  to quit.


Underfull \hbox (badness 10000) in paragraph at lines 110--115

 []


Underfull \hbox (badness 10000) in paragraph at lines 110--115

 []


Underfull \hbox (badness 10000) in paragraph at lines 110--115

 []


Underfull \hbox (badness 10000) in paragraph at lines 110--115

 []


Underfull \hbox (badness 10000) in paragraph at lines 110--115

 []


Underfull \hbox (badness 10000) in paragraph at lines 110--115

 []


! LaTeX Error: File `Oscilloscope data/5.3.2.1 a.2/F0005TEK' not found.

See the LaTeX manual or LaTeX Companion for explanation.
Type  H <return>  for immediate help.
 ...                                              
                                                  
l.121 ...]{Oscilloscope data/5.3.2.1 a.2/F0005TEK}
                                                  \\\\
I could not locate the file with any of these extensions:
.pdf,.png,.jpg,.mps,.jpeg,.jbig2,.jb2,.PDF,.PNG,.JPG,.JPEG,.JBIG2,.JB2,.eps
Try typing  <return>  to proceed.
If that doesn't work, type  X <return>  to quit.


Underfull \hbox (badness 10000) in paragraph at lines 120--123

 []


Underfull \hbox (badness 10000) in paragraph at lines 120--123

 []


Underfull \hbox (badness 10000) in paragraph at lines 120--123

 []

[8]

! LaTeX Error: File `Oscilloscope data/5.3.2.1.b peak ripple/F0006TEK' not foun
d.

See the LaTeX manual or LaTeX Companion for explanation.
Type  H <return>  for immediate help.
 ...                                              
                                                  
l.124 ...cope data/5.3.2.1.b peak ripple/F0006TEK}
                                                  \\\\
I could not locate the file with any of these extensions:
.pdf,.png,.jpg,.mps,.jpeg,.jbig2,.jb2,.PDF,.PNG,.JPG,.JPEG,.JBIG2,.JB2,.eps
Try typing  <return>  to proceed.
If that doesn't work, type  X <return>  to quit.


Underfull \hbox (badness 10000) in paragraph at lines 123--126

 []


Underfull \hbox (badness 10000) in paragraph at lines 123--126

 []


! LaTeX Error: File `Oscilloscope data/5.3.2.1.c ripple/F0007TEK' not found.

See the LaTeX manual or LaTeX Companion for explanation.
Type  H <return>  for immediate help.
 ...                                              
                                                  
l.127 ...illoscope data/5.3.2.1.c ripple/F0007TEK}
                                                  \\\\
I could not locate the file with any of these extensions:
.pdf,.png,.jpg,.mps,.jpeg,.jbig2,.jb2,.PDF,.PNG,.JPG,.JPEG,.JBIG2,.JB2,.eps
Try typing  <return>  to proceed.
If that doesn't work, type  X <return>  to quit.


Underfull \hbox (badness 10000) in paragraph at lines 126--129

 []


Underfull \hbox (badness 10000) in paragraph at lines 126--129

 []

[9]

! LaTeX Error: File `Oscilloscope data/5.3.2.2.a no C1/F0008TEK' not found.

See the LaTeX manual or LaTeX Companion for explanation.
Type  H <return>  for immediate help.
 ...                                              
                                                  
l.133 ...cilloscope data/5.3.2.2.a no C1/F0008TEK}
                                                  \\\\
I could not locate the file with any of these extensions:
.pdf,.png,.jpg,.mps,.jpeg,.jbig2,.jb2,.PDF,.PNG,.JPG,.JPEG,.JBIG2,.JB2,.eps
Try typing  <return>  to proceed.
If that doesn't work, type  X <return>  to quit.


Underfull \hbox (badness 10000) in paragraph at lines 132--135

 []


Underfull \hbox (badness 10000) in paragraph at lines 132--135

 []


Underfull \hbox (badness 10000) in paragraph at lines 132--135

 []


! LaTeX Error: File `Oscilloscope data/5.3.2.2.c DC coupling/F0010TEK' not foun
d.

See the LaTeX manual or LaTeX Companion for explanation.
Type  H <return>  for immediate help.
 ...                                              
                                                  
l.136 ...cope data/5.3.2.2.c DC coupling/F0010TEK}
                                                  \\\\
I could not locate the file with any of these extensions:
.pdf,.png,.jpg,.mps,.jpeg,.jbig2,.jb2,.PDF,.PNG,.JPG,.JPEG,.JBIG2,.JB2,.eps
Try typing  <return>  to proceed.
If that doesn't work, type  X <return>  to quit.


Underfull \hbox (badness 10000) in paragraph at lines 135--138

 []


Underfull \hbox (badness 10000) in paragraph at lines 135--138

 []


Underfull \hbox (badness 10000) in paragraph at lines 135--138

 []


! LaTeX Error: File `Oscilloscope data/5.3.2.2.b w C1 AC coupling/F0009TEK' not
 found.

See the LaTeX manual or LaTeX Companion for explanation.
Type  H <return>  for immediate help.
 ...                                              
                                                  
l.139 ...data/5.3.2.2.b w C1 AC coupling/F0009TEK}
                                                  \\\\
I could not locate the file with any of these extensions:
.pdf,.png,.jpg,.mps,.jpeg,.jbig2,.jb2,.PDF,.PNG,.JPG,.JPEG,.JBIG2,.JB2,.eps
Try typing  <return>  to proceed.
If that doesn't work, type  X <return>  to quit.


Underfull \hbox (badness 10000) in paragraph at lines 138--141

 []


Underfull \hbox (badness 10000) in paragraph at lines 138--141

 []


! LaTeX Error: File `Oscilloscope data/5.3.3 DC at Capacitor/F0011TEK' not foun
d.

See the LaTeX manual or LaTeX Companion for explanation.
Type  H <return>  for immediate help.
 ...                                              
                                                  
l.145 ...cope data/5.3.3 DC at Capacitor/F0011TEK}
                                                  
I could not locate the file with any of these extensions:
.pdf,.png,.jpg,.mps,.jpeg,.jbig2,.jb2,.PDF,.PNG,.JPG,.JPEG,.JBIG2,.JB2,.eps
Try typing  <return>  to proceed.
If that doesn't work, type  X <return>  to quit.


! LaTeX Error: File `Oscilloscope data/5.3.3 AC at capacitor/F0012TEK' not foun
d.

See the LaTeX manual or LaTeX Companion for explanation.
Type  H <return>  for immediate help.
 ...                                              
                                                  
l.146 ...cope data/5.3.3 AC at capacitor/F0012TEK}
                                                  \\\\
I could not locate the file with any of these extensions:
.pdf,.png,.jpg,.mps,.jpeg,.jbig2,.jb2,.PDF,.PNG,.JPG,.JPEG,.JBIG2,.JB2,.eps
Try typing  <return>  to proceed.
If that doesn't work, type  X <return>  to quit.


! LaTeX Error: File `Oscilloscope data/5.3.3 output DC at R/F0013TEK' not found
.

See the LaTeX manual or LaTeX Companion for explanation.
Type  H <return>  for immediate help.
 ...                                              
                                                  
l.148 ...scope data/5.3.3 output DC at R/F0013TEK}
                                                  
I could not locate the file with any of these extensions:
.pdf,.png,.jpg,.mps,.jpeg,.jbig2,.jb2,.PDF,.PNG,.JPG,.JPEG,.JBIG2,.JB2,.eps
Try typing  <return>  to proceed.
If that doesn't work, type  X <return>  to quit.


! LaTeX Error: File `Oscilloscope data/5.3.3 output AC at R avg/F0015TEK' not f
ound.

See the LaTeX manual or LaTeX Companion for explanation.
Type  H <return>  for immediate help.
 ...                                              
                                                  
l.149 ...e data/5.3.3 output AC at R avg/F0015TEK}
                                                  \\\\
I could not locate the file with any of these extensions:
.pdf,.png,.jpg,.mps,.jpeg,.jbig2,.jb2,.PDF,.PNG,.JPG,.JPEG,.JBIG2,.JB2,.eps
Try typing  <return>  to proceed.
If that doesn't work, type  X <return>  to quit.


Underfull \hbox (badness 10000) in paragraph at lines 145--151

 []


Underfull \hbox (badness 10000) in paragraph at lines 145--151

 []


Underfull \hbox (badness 10000) in paragraph at lines 145--151

 []


Underfull \hbox (badness 10000) in paragraph at lines 145--151

 []

[10]

! LaTeX Error: File `Oscilloscope data/5.3.4.1 A and C/F0016TEK' not found.

See the LaTeX manual or LaTeX Companion for explanation.
Type  H <return>  for immediate help.
 ...                                              
                                                  
l.154 ...cilloscope data/5.3.4.1 A and C/F0016TEK}
                                                  \\\\
I could not locate the file with any of these extensions:
.pdf,.png,.jpg,.mps,.jpeg,.jbig2,.jb2,.PDF,.PNG,.JPG,.JPEG,.JBIG2,.JB2,.eps
Try typing  <return>  to proceed.
If that doesn't work, type  X <return>  to quit.


Underfull \hbox (badness 10000) in paragraph at lines 154--156

 []


Underfull \hbox (badness 10000) in paragraph at lines 154--156

 []


Underfull \hbox (badness 10000) in paragraph at lines 154--156

 []


! LaTeX Error: File `Oscilloscope data/5.3.4.1 B and U_out/F0017TEK' not found.


See the LaTeX manual or LaTeX Companion for explanation.
Type  H <return>  for immediate help.
 ...                                              
                                                  
l.156 ...oscope data/5.3.4.1 B and U_out/F0017TEK}
                                                  \\\\
I could not locate the file with any of these extensions:
.pdf,.png,.jpg,.mps,.jpeg,.jbig2,.jb2,.PDF,.PNG,.JPG,.JPEG,.JBIG2,.JB2,.eps
Try typing  <return>  to proceed.
If that doesn't work, type  X <return>  to quit.


Underfull \hbox (badness 10000) in paragraph at lines 156--158

 []


! LaTeX Error: File `Oscilloscope data/5.3.4.2 ripple V/F0020TEK' not found.

See the LaTeX manual or LaTeX Companion for explanation.
Type  H <return>  for immediate help.
 ...                                              
                                                  
l.159 ...illoscope data/5.3.4.2 ripple V/F0020TEK}
                                                  \\\\
I could not locate the file with any of these extensions:
.pdf,.png,.jpg,.mps,.jpeg,.jbig2,.jb2,.PDF,.PNG,.JPG,.JPEG,.JBIG2,.JB2,.eps
Try typing  <return>  to proceed.
If that doesn't work, type  X <return>  to quit.


Underfull \hbox (badness 10000) in paragraph at lines 158--161

 []


Underfull \hbox (badness 10000) in paragraph at lines 158--161

 []


Underfull \hbox (badness 10000) in paragraph at lines 158--161

 []

<power supply schematic.png, id=83, 1043.39813pt x 362.10281pt>
File: power supply schematic.png Graphic file (type png)
<use power supply schematic.png>
Package pdftex.def Info: power supply schematic.png  used on input line 172.
(pdftex.def)             Requested size: 365.19481pt x 126.73787pt.

Underfull \hbox (badness 10000) in paragraph at lines 172--174

 []

<zener diode.png, id=84, 247.67531pt x 186.6975pt>
File: zener diode.png Graphic file (type png)
<use zener diode.png>
Package pdftex.def Info: zener diode.png  used on input line 184.
(pdftex.def)             Requested size: 185.75601pt x 140.02277pt.

Underfull \hbox (badness 10000) in paragraph at lines 184--186

 []

[11 <./power supply schematic.png>]
<multiplier 10k.png, id=89, 1429.59094pt x 638.385pt>
File: multiplier 10k.png Graphic file (type png)
<use multiplier 10k.png>
Package pdftex.def Info: multiplier 10k.png  used on input line 194.
(pdftex.def)             Requested size: 500.36433pt x 223.43808pt.
<multiplier 100.png, id=90, 1427.3325pt x 639.89063pt>
File: multiplier 100.png Graphic file (type png)
<use multiplier 100.png>
Package pdftex.def Info: multiplier 100.png  used on input line 195.
(pdftex.def)             Requested size: 499.57387pt x 223.96507pt.

Underfull \hbox (badness 10000) in paragraph at lines 193--196

 []


Underfull \hbox (badness 10000) in paragraph at lines 193--196

 []

[12 <./zener diode.png> <./multiplier 10k.png>] [13 <./multiplier 100.png>]
(./lab report.aux) ) 
Here is how much of TeX's memory you used:
 4226 strings out of 474971
 86929 string characters out of 5780120
 407264 words of memory out of 5000000
 25623 multiletter control sequences out of 15000+600000
 472783 words of font info for 42 fonts, out of 8000000 for 9000
 1141 hyphenation exceptions out of 8191
 55i,7n,62p,476b,272s stack positions out of 10000i,1000n,20000p,200000b,200000s
<c:/texlive/2022/texmf-dist/fonts/type1/public/amsfonts/cm/
cmbx12.pfb><c:/texlive/2022/texmf-dist/fonts/type1/public/amsfonts/cm/cmex10.pf
b><c:/texlive/2022/texmf-dist/fonts/type1/public/amsfonts/cm/cmmi10.pfb><c:/tex
live/2022/texmf-dist/fonts/type1/public/amsfonts/cm/cmmi5.pfb><c:/texlive/2022/
texmf-dist/fonts/type1/public/amsfonts/cm/cmmi7.pfb><c:/texlive/2022/texmf-dist
/fonts/type1/public/amsfonts/cm/cmr10.pfb><c:/texlive/2022/texmf-dist/fonts/typ
e1/public/amsfonts/cm/cmr12.pfb><c:/texlive/2022/texmf-dist/fonts/type1/public/
amsfonts/cm/cmr5.pfb><c:/texlive/2022/texmf-dist/fonts/type1/public/amsfonts/cm
/cmr7.pfb><c:/texlive/2022/texmf-dist/fonts/type1/public/amsfonts/cm/cmsy10.pfb
>
Output written on "lab report.pdf" (13 pages, 640596 bytes).
PDF statistics:
 144 PDF objects out of 1000 (max. 8388607)
 62 compressed objects within 1 object stream
 0 named destinations out of 1000 (max. 500000)
 116 words of extra memory for PDF output out of 10000 (max. 10000000)

